This file contains any messages produced by compilers while
running configure, to aid debugging if configure makes a mistake.

It was created by libtpms configure 0.7.7, which was
generated by GNU Autoconf 2.69.  Invocation command line was

  $ ./configure --prefix=/usr --enable-static --with-tpm2 --with-openssl --enable-sanitizers

## --------- ##
## Platform. ##
## --------- ##

hostname = tango
uname -m = x86_64
uname -r = 5.10.0-5-amd64
uname -s = Linux
uname -v = #1 SMP Debian 5.10.26-1 (2021-03-27)

/usr/bin/uname -p = unknown
/bin/uname -X     = unknown

/bin/arch              = x86_64
/usr/bin/arch -k       = unknown
/usr/convex/getsysinfo = unknown
/usr/bin/hostinfo      = unknown
/bin/machine           = unknown
/usr/bin/oslevel       = unknown
/bin/universe          = unknown

PATH: /home/lbr/.local/bin
PATH: /home/lbr/.local/bin
PATH: /home/lbr/.local/bin
PATH: /usr/local/bin
PATH: /usr/bin
PATH: /bin
PATH: /usr/local/games
PATH: /usr/games


## ----------- ##
## Core tests. ##
## ----------- ##

configure:2494: checking build system type
configure:2508: result: x86_64-pc-linux-gnu
configure:2528: checking host system type
configure:2541: result: x86_64-pc-linux-gnu
configure:2561: checking target system type
configure:2574: result: x86_64-pc-linux-gnu
configure:2616: checking for a BSD-compatible install
configure:2684: result: /usr/bin/install -c
configure:2695: checking whether build environment is sane
configure:2750: result: yes
configure:2896: checking for a thread-safe mkdir -p
configure:2935: result: /usr/bin/mkdir -p
configure:2942: checking for gawk
configure:2958: found /usr/bin/gawk
configure:2969: result: gawk
configure:2980: checking whether make sets $(MAKE)
configure:3002: result: yes
configure:3031: checking whether make supports nested variables
configure:3048: result: yes
configure:3188: checking for debug-enabled build
configure:3203: result: no
configure:3228: checking whether make supports the include directive
configure:3243: make -f confmf.GNU && cat confinc.out
this is the am__doit target
configure:3246: $? = 0
configure:3265: result: yes (GNU style)
configure:3335: checking for gcc
configure:3351: found /usr/bin/gcc
configure:3362: result: gcc
configure:3591: checking for C compiler version
configure:3600: gcc --version >&5
gcc (Debian 10.2.1-6) 10.2.1 20210110
Copyright (C) 2020 Free Software Foundation, Inc.
This is free software; see the source for copying conditions.  There is NO
warranty; not even for MERCHANTABILITY or FITNESS FOR A PARTICULAR PURPOSE.

configure:3611: $? = 0
configure:3600: gcc -v >&5
Using built-in specs.
COLLECT_GCC=gcc
COLLECT_LTO_WRAPPER=/usr/lib/gcc/x86_64-linux-gnu/10/lto-wrapper
OFFLOAD_TARGET_NAMES=nvptx-none:amdgcn-amdhsa:hsa
OFFLOAD_TARGET_DEFAULT=1
Target: x86_64-linux-gnu
Configured with: ../src/configure -v --with-pkgversion='Debian 10.2.1-6' --with-bugurl=file:///usr/share/doc/gcc-10/README.Bugs --enable-languages=c,ada,c++,go,brig,d,fortran,objc,obj-c++,m2 --prefix=/usr --with-gcc-major-version-only --program-suffix=-10 --program-prefix=x86_64-linux-gnu- --enable-shared --enable-linker-build-id --libexecdir=/usr/lib --without-included-gettext --enable-threads=posix --libdir=/usr/lib --enable-nls --enable-bootstrap --enable-clocale=gnu --enable-libstdcxx-debug --enable-libstdcxx-time=yes --with-default-libstdcxx-abi=new --enable-gnu-unique-object --disable-vtable-verify --enable-plugin --enable-default-pie --with-system-zlib --enable-libphobos-checking=release --with-target-system-zlib=auto --enable-objc-gc=auto --enable-multiarch --disable-werror --with-arch-32=i686 --with-abi=m64 --with-multilib-list=m32,m64,mx32 --enable-multilib --with-tune=generic --enable-offload-targets=nvptx-none=/build/gcc-10-Km9U7s/gcc-10-10.2.1/debian/tmp-nvptx/usr,amdgcn-amdhsa=/build/gcc-10-Km9U7s/gcc-10-10.2.1/debian/tmp-gcn/usr,hsa --without-cuda-driver --enable-checking=release --build=x86_64-linux-gnu --host=x86_64-linux-gnu --target=x86_64-linux-gnu --with-build-config=bootstrap-lto-lean --enable-link-mutex
Thread model: posix
Supported LTO compression algorithms: zlib zstd
gcc version 10.2.1 20210110 (Debian 10.2.1-6) 
... rest of stderr output deleted ...
configure:3611: $? = 0
configure:3600: gcc -V >&5
gcc: error: unrecognized command-line option '-V'
gcc: fatal error: no input files
compilation terminated.
configure:3611: $? = 1
configure:3600: gcc -qversion >&5
gcc: error: unrecognized command-line option '-qversion'; did you mean '--version'?
gcc: fatal error: no input files
compilation terminated.
configure:3611: $? = 1
configure:3631: checking whether the C compiler works
configure:3653: gcc    conftest.c  >&5
configure:3657: $? = 0
configure:3705: result: yes
configure:3708: checking for C compiler default output file name
configure:3710: result: a.out
configure:3716: checking for suffix of executables
configure:3723: gcc -o conftest    conftest.c  >&5
configure:3727: $? = 0
configure:3749: result: 
configure:3771: checking whether we are cross compiling
configure:3779: gcc -o conftest    conftest.c  >&5
configure:3783: $? = 0
configure:3790: ./conftest
configure:3794: $? = 0
configure:3809: result: no
configure:3814: checking for suffix of object files
configure:3836: gcc -c   conftest.c >&5
configure:3840: $? = 0
configure:3861: result: o
configure:3865: checking whether we are using the GNU C compiler
configure:3884: gcc -c   conftest.c >&5
configure:3884: $? = 0
configure:3893: result: yes
configure:3902: checking whether gcc accepts -g
configure:3922: gcc -c -g  conftest.c >&5
configure:3922: $? = 0
configure:3963: result: yes
configure:3980: checking for gcc option to accept ISO C89
configure:4043: gcc  -c -g -O2  conftest.c >&5
configure:4043: $? = 0
configure:4056: result: none needed
configure:4081: checking whether gcc understands -c and -o together
configure:4103: gcc -c conftest.c -o conftest2.o
configure:4106: $? = 0
configure:4103: gcc -c conftest.c -o conftest2.o
configure:4106: $? = 0
configure:4118: result: yes
configure:4137: checking dependency style of gcc
configure:4248: result: gcc3
configure:4265: checking whether the linker accepts -Wl,--version-script=./src/test.syms
configure:4284: gcc -o conftest -g -O2    -Wl,--version-script=./src/test.syms conftest.c  >&5
configure:4284: $? = 0
configure:4294: result: yes
configure:4322: checking how to run the C preprocessor
configure:4353: gcc -E  conftest.c
configure:4353: $? = 0
configure:4367: gcc -E  conftest.c
conftest.c:11:10: fatal error: ac_nonexistent.h: No such file or directory
   11 | #include <ac_nonexistent.h>
      |          ^~~~~~~~~~~~~~~~~~
compilation terminated.
configure:4367: $? = 1
configure: failed program was:
| /* confdefs.h */
| #define PACKAGE_NAME "libtpms"
| #define PACKAGE_TARNAME "libtpms"
| #define PACKAGE_VERSION "0.7.7"
| #define PACKAGE_STRING "libtpms 0.7.7"
| #define PACKAGE_BUGREPORT ""
| #define PACKAGE_URL ""
| #define PACKAGE "libtpms"
| #define VERSION "0.7.7"
| /* end confdefs.h.  */
| #include <ac_nonexistent.h>
configure:4392: result: gcc -E
configure:4412: gcc -E  conftest.c
configure:4412: $? = 0
configure:4426: gcc -E  conftest.c
conftest.c:11:10: fatal error: ac_nonexistent.h: No such file or directory
   11 | #include <ac_nonexistent.h>
      |          ^~~~~~~~~~~~~~~~~~
compilation terminated.
configure:4426: $? = 1
configure: failed program was:
| /* confdefs.h */
| #define PACKAGE_NAME "libtpms"
| #define PACKAGE_TARNAME "libtpms"
| #define PACKAGE_VERSION "0.7.7"
| #define PACKAGE_STRING "libtpms 0.7.7"
| #define PACKAGE_BUGREPORT ""
| #define PACKAGE_URL ""
| #define PACKAGE "libtpms"
| #define VERSION "0.7.7"
| /* end confdefs.h.  */
| #include <ac_nonexistent.h>
configure:4455: checking for grep that handles long lines and -e
configure:4513: result: /usr/bin/grep
configure:4518: checking for egrep
configure:4580: result: /usr/bin/grep -E
configure:4585: checking for ANSI C header files
configure:4605: gcc -c -g -O2  conftest.c >&5
configure:4605: $? = 0
configure:4678: gcc -o conftest -g -O2   conftest.c  >&5
configure:4678: $? = 0
configure:4678: ./conftest
configure:4678: $? = 0
configure:4689: result: yes
configure:4702: checking for sys/types.h
configure:4702: gcc -c -g -O2  conftest.c >&5
configure:4702: $? = 0
configure:4702: result: yes
configure:4702: checking for sys/stat.h
configure:4702: gcc -c -g -O2  conftest.c >&5
configure:4702: $? = 0
configure:4702: result: yes
configure:4702: checking for stdlib.h
configure:4702: gcc -c -g -O2  conftest.c >&5
configure:4702: $? = 0
configure:4702: result: yes
configure:4702: checking for string.h
configure:4702: gcc -c -g -O2  conftest.c >&5
configure:4702: $? = 0
configure:4702: result: yes
configure:4702: checking for memory.h
configure:4702: gcc -c -g -O2  conftest.c >&5
configure:4702: $? = 0
configure:4702: result: yes
configure:4702: checking for strings.h
configure:4702: gcc -c -g -O2  conftest.c >&5
configure:4702: $? = 0
configure:4702: result: yes
configure:4702: checking for inttypes.h
configure:4702: gcc -c -g -O2  conftest.c >&5
configure:4702: $? = 0
configure:4702: result: yes
configure:4702: checking for stdint.h
configure:4702: gcc -c -g -O2  conftest.c >&5
configure:4702: $? = 0
configure:4702: result: yes
configure:4702: checking for unistd.h
configure:4702: gcc -c -g -O2  conftest.c >&5
configure:4702: $? = 0
configure:4702: result: yes
configure:4717: checking for AES_set_encrypt_key in -lcrypto
configure:4742: gcc -o conftest -g -O2   conftest.c -lcrypto   >&5
configure:4742: $? = 0
configure:4751: result: yes
configure:4766: checking openssl/aes.h usability
configure:4766: gcc -c -g -O2  conftest.c >&5
configure:4766: $? = 0
configure:4766: result: yes
configure:4766: checking openssl/aes.h presence
configure:4766: gcc -E  conftest.c
configure:4766: $? = 0
configure:4766: result: yes
configure:4766: checking for openssl/aes.h
configure:4766: result: yes
configure:4778: result: Building with openssl crypto library
configure:4970: result: Building with TPM2 support
configure:5018: checking for EVP_CIPHER_CTX_new in -lcrypto
configure:5043: gcc -o conftest -g -O2   conftest.c -lcrypto  -lcrypto  >&5
configure:5043: $? = 0
configure:5052: result: yes
configure:5065: checking for EVP_EncryptInit_ex in -lcrypto
configure:5090: gcc -o conftest -g -O2   conftest.c -lcrypto  -lcrypto -lcrypto  >&5
configure:5090: $? = 0
configure:5099: result: yes
configure:5112: checking for EVP_aes_128_cbc in -lcrypto
configure:5137: gcc -o conftest -g -O2   conftest.c -lcrypto  -lcrypto -lcrypto -lcrypto  >&5
configure:5137: $? = 0
configure:5146: result: yes
configure:5159: checking for EVP_des_ede3_cbc in -lcrypto
configure:5184: gcc -o conftest -g -O2   conftest.c -lcrypto  -lcrypto -lcrypto -lcrypto -lcrypto  >&5
configure:5184: $? = 0
configure:5193: result: yes
configure:5206: checking for DES_random_key in -lcrypto
configure:5231: gcc -o conftest -g -O2   conftest.c -lcrypto  -lcrypto -lcrypto -lcrypto -lcrypto -lcrypto  >&5
configure:5231: $? = 0
configure:5240: result: yes
configure:5253: checking for EVP_CIPHER_CTX_iv in -lcrypto
configure:5278: gcc -o conftest -g -O2   conftest.c -lcrypto  -lcrypto -lcrypto -lcrypto -lcrypto -lcrypto -lcrypto  >&5
configure:5278: $? = 0
configure:5287: result: yes
configure:5306: checking for EC_KEY_set_group in -lcrypto
configure:5331: gcc -o conftest -g -O2   conftest.c -lcrypto  -lcrypto -lcrypto -lcrypto -lcrypto -lcrypto -lcrypto -lcrypto  >&5
configure:5331: $? = 0
configure:5340: result: yes
configure:5353: checking for EC_KEY_generate_key in -lcrypto
configure:5378: gcc -o conftest -g -O2   conftest.c -lcrypto  -lcrypto -lcrypto -lcrypto -lcrypto -lcrypto -lcrypto -lcrypto -lcrypto  >&5
configure:5378: $? = 0
configure:5387: result: yes
configure:5400: checking for EC_KEY_get0_private_key in -lcrypto
configure:5425: gcc -o conftest -g -O2   conftest.c -lcrypto  -lcrypto -lcrypto -lcrypto -lcrypto -lcrypto -lcrypto -lcrypto -lcrypto -lcrypto  >&5
configure:5425: $? = 0
configure:5434: result: yes
configure:5453: checking for ECDSA_SIG_new in -lcrypto
configure:5478: gcc -o conftest -g -O2   conftest.c -lcrypto  -lcrypto -lcrypto -lcrypto -lcrypto -lcrypto -lcrypto -lcrypto -lcrypto -lcrypto -lcrypto  >&5
configure:5478: $? = 0
configure:5487: result: yes
configure:5500: checking for ECDSA_SIG_set0 in -lcrypto
configure:5525: gcc -o conftest -g -O2   conftest.c -lcrypto  -lcrypto -lcrypto -lcrypto -lcrypto -lcrypto -lcrypto -lcrypto -lcrypto -lcrypto -lcrypto -lcrypto  >&5
configure:5525: $? = 0
configure:5534: result: yes
configure:5547: checking for ECDSA_do_verify in -lcrypto
configure:5572: gcc -o conftest -g -O2   conftest.c -lcrypto  -lcrypto -lcrypto -lcrypto -lcrypto -lcrypto -lcrypto -lcrypto -lcrypto -lcrypto -lcrypto -lcrypto -lcrypto  >&5
configure:5572: $? = 0
configure:5581: result: yes
configure:5594: checking for ECDSA_do_sign in -lcrypto
configure:5619: gcc -o conftest -g -O2   conftest.c -lcrypto  -lcrypto -lcrypto -lcrypto -lcrypto -lcrypto -lcrypto -lcrypto -lcrypto -lcrypto -lcrypto -lcrypto -lcrypto -lcrypto  >&5
configure:5619: $? = 0
configure:5628: result: yes
configure:5641: checking for EC_KEY_set_group in -lcrypto
configure:5675: result: yes
configure:5694: checking for RSA_set0_key in -lcrypto
configure:5719: gcc -o conftest -g -O2   conftest.c -lcrypto  -lcrypto -lcrypto -lcrypto -lcrypto -lcrypto -lcrypto -lcrypto -lcrypto -lcrypto -lcrypto -lcrypto -lcrypto -lcrypto -lcrypto -lcrypto  >&5
configure:5719: $? = 0
configure:5728: result: yes
configure:5741: checking for RSA_set0_factors in -lcrypto
configure:5766: gcc -o conftest -g -O2   conftest.c -lcrypto  -lcrypto -lcrypto -lcrypto -lcrypto -lcrypto -lcrypto -lcrypto -lcrypto -lcrypto -lcrypto -lcrypto -lcrypto -lcrypto -lcrypto -lcrypto -lcrypto  >&5
configure:5766: $? = 0
configure:5775: result: yes
configure:5788: checking for RSA_set0_crt_params in -lcrypto
configure:5813: gcc -o conftest -g -O2   conftest.c -lcrypto  -lcrypto -lcrypto -lcrypto -lcrypto -lcrypto -lcrypto -lcrypto -lcrypto -lcrypto -lcrypto -lcrypto -lcrypto -lcrypto -lcrypto -lcrypto -lcrypto -lcrypto  >&5
configure:5813: $? = 0
configure:5822: result: yes
configure:5835: checking for RSA_generate_key_ex in -lcrypto
configure:5860: gcc -o conftest -g -O2   conftest.c -lcrypto  -lcrypto -lcrypto -lcrypto -lcrypto -lcrypto -lcrypto -lcrypto -lcrypto -lcrypto -lcrypto -lcrypto -lcrypto -lcrypto -lcrypto -lcrypto -lcrypto -lcrypto -lcrypto  >&5
configure:5860: $? = 0
configure:5869: result: yes
configure:5882: checking for EVP_PKEY_CTX_new in -lcrypto
configure:5907: gcc -o conftest -g -O2   conftest.c -lcrypto  -lcrypto -lcrypto -lcrypto -lcrypto -lcrypto -lcrypto -lcrypto -lcrypto -lcrypto -lcrypto -lcrypto -lcrypto -lcrypto -lcrypto -lcrypto -lcrypto -lcrypto -lcrypto -lcrypto  >&5
configure:5907: $? = 0
configure:5916: result: yes
configure:5929: checking for EVP_PKEY_assign in -lcrypto
configure:5954: gcc -o conftest -g -O2   conftest.c -lcrypto  -lcrypto -lcrypto -lcrypto -lcrypto -lcrypto -lcrypto -lcrypto -lcrypto -lcrypto -lcrypto -lcrypto -lcrypto -lcrypto -lcrypto -lcrypto -lcrypto -lcrypto -lcrypto -lcrypto -lcrypto  >&5
configure:5954: $? = 0
configure:5963: result: yes
configure:5976: checking for EVP_PKEY_encrypt_init in -lcrypto
configure:6001: gcc -o conftest -g -O2   conftest.c -lcrypto  -lcrypto -lcrypto -lcrypto -lcrypto -lcrypto -lcrypto -lcrypto -lcrypto -lcrypto -lcrypto -lcrypto -lcrypto -lcrypto -lcrypto -lcrypto -lcrypto -lcrypto -lcrypto -lcrypto -lcrypto -lcrypto  >&5
configure:6001: $? = 0
configure:6010: result: yes
configure:6023: checking for EVP_PKEY_encrypt in -lcrypto
configure:6048: gcc -o conftest -g -O2   conftest.c -lcrypto  -lcrypto -lcrypto -lcrypto -lcrypto -lcrypto -lcrypto -lcrypto -lcrypto -lcrypto -lcrypto -lcrypto -lcrypto -lcrypto -lcrypto -lcrypto -lcrypto -lcrypto -lcrypto -lcrypto -lcrypto -lcrypto -lcrypto  >&5
configure:6048: $? = 0
configure:6057: result: yes
configure:6070: checking for EVP_PKEY_decrypt_init in -lcrypto
configure:6095: gcc -o conftest -g -O2   conftest.c -lcrypto  -lcrypto -lcrypto -lcrypto -lcrypto -lcrypto -lcrypto -lcrypto -lcrypto -lcrypto -lcrypto -lcrypto -lcrypto -lcrypto -lcrypto -lcrypto -lcrypto -lcrypto -lcrypto -lcrypto -lcrypto -lcrypto -lcrypto -lcrypto  >&5
configure:6095: $? = 0
configure:6104: result: yes
configure:6117: checking for EVP_PKEY_decrypt in -lcrypto
configure:6142: gcc -o conftest -g -O2   conftest.c -lcrypto  -lcrypto -lcrypto -lcrypto -lcrypto -lcrypto -lcrypto -lcrypto -lcrypto -lcrypto -lcrypto -lcrypto -lcrypto -lcrypto -lcrypto -lcrypto -lcrypto -lcrypto -lcrypto -lcrypto -lcrypto -lcrypto -lcrypto -lcrypto -lcrypto  >&5
configure:6142: $? = 0
configure:6151: result: yes
configure:6164: checking for EVP_PKEY_sign_init in -lcrypto
configure:6189: gcc -o conftest -g -O2   conftest.c -lcrypto  -lcrypto -lcrypto -lcrypto -lcrypto -lcrypto -lcrypto -lcrypto -lcrypto -lcrypto -lcrypto -lcrypto -lcrypto -lcrypto -lcrypto -lcrypto -lcrypto -lcrypto -lcrypto -lcrypto -lcrypto -lcrypto -lcrypto -lcrypto -lcrypto -lcrypto  >&5
configure:6189: $? = 0
configure:6198: result: yes
configure:6211: checking for EVP_PKEY_sign in -lcrypto
configure:6236: gcc -o conftest -g -O2   conftest.c -lcrypto  -lcrypto -lcrypto -lcrypto -lcrypto -lcrypto -lcrypto -lcrypto -lcrypto -lcrypto -lcrypto -lcrypto -lcrypto -lcrypto -lcrypto -lcrypto -lcrypto -lcrypto -lcrypto -lcrypto -lcrypto -lcrypto -lcrypto -lcrypto -lcrypto -lcrypto -lcrypto  >&5
configure:6236: $? = 0
configure:6245: result: yes
configure:6258: checking for EVP_PKEY_verify_init in -lcrypto
configure:6283: gcc -o conftest -g -O2   conftest.c -lcrypto  -lcrypto -lcrypto -lcrypto -lcrypto -lcrypto -lcrypto -lcrypto -lcrypto -lcrypto -lcrypto -lcrypto -lcrypto -lcrypto -lcrypto -lcrypto -lcrypto -lcrypto -lcrypto -lcrypto -lcrypto -lcrypto -lcrypto -lcrypto -lcrypto -lcrypto -lcrypto -lcrypto  >&5
configure:6283: $? = 0
configure:6292: result: yes
configure:6305: checking for EVP_PKEY_verify in -lcrypto
configure:6330: gcc -o conftest -g -O2   conftest.c -lcrypto  -lcrypto -lcrypto -lcrypto -lcrypto -lcrypto -lcrypto -lcrypto -lcrypto -lcrypto -lcrypto -lcrypto -lcrypto -lcrypto -lcrypto -lcrypto -lcrypto -lcrypto -lcrypto -lcrypto -lcrypto -lcrypto -lcrypto -lcrypto -lcrypto -lcrypto -lcrypto -lcrypto -lcrypto  >&5
configure:6330: $? = 0
configure:6339: result: yes
configure:6352: checking for EVP_get_digestbyname in -lcrypto
configure:6377: gcc -o conftest -g -O2   conftest.c -lcrypto  -lcrypto -lcrypto -lcrypto -lcrypto -lcrypto -lcrypto -lcrypto -lcrypto -lcrypto -lcrypto -lcrypto -lcrypto -lcrypto -lcrypto -lcrypto -lcrypto -lcrypto -lcrypto -lcrypto -lcrypto -lcrypto -lcrypto -lcrypto -lcrypto -lcrypto -lcrypto -lcrypto -lcrypto -lcrypto  >&5
configure:6377: $? = 0
configure:6386: result: yes
configure:6400: checking whether EVP_PKEY_CTX_set0_rsa_oaep_label is defined in <openssl/rsa.h>
configure:6415: gcc -c -g -O2  conftest.c >&5
configure:6415: $? = 0
configure:6417: result: yes
configure:6433: checking whether EVP_PKEY_CTX_set_rsa_padding is defined in <openssl/rsa.h>
configure:6448: gcc -c -g -O2  conftest.c >&5
configure:6448: $? = 0
configure:6450: result: yes
configure:6466: checking whether EVP_PKEY_CTX_set_rsa_oaep_md is defined in <openssl/rsa.h>
configure:6481: gcc -c -g -O2  conftest.c >&5
configure:6481: $? = 0
configure:6483: result: yes
configure:6499: checking whether EVP_PKEY_CTX_set_signature_md is defined in <openssl/evp.h>
configure:6514: gcc -c -g -O2  conftest.c >&5
configure:6514: $? = 0
configure:6516: result: yes
configure:6634: checking how to print strings
configure:6661: result: printf
configure:6682: checking for a sed that does not truncate output
configure:6746: result: /usr/bin/sed
configure:6764: checking for fgrep
configure:6826: result: /usr/bin/grep -F
configure:6861: checking for ld used by gcc
configure:6928: result: /usr/bin/ld
configure:6935: checking if the linker (/usr/bin/ld) is GNU ld
configure:6950: result: yes
configure:6962: checking for BSD- or MS-compatible name lister (nm)
configure:7016: result: /usr/bin/nm -B
configure:7146: checking the name lister (/usr/bin/nm -B) interface
configure:7153: gcc -c -g -O2 -DUSE_OPENSSL_FUNCTIONS_SYMMETRIC=1 -DUSE_OPENSSL_FUNCTIONS_EC=1 -DUSE_OPENSSL_FUNCTIONS_ECDSA=1 -DUSE_OPENSSL_FUNCTIONS_RSA=1  conftest.c >&5
configure:7156: /usr/bin/nm -B "conftest.o"
configure:7159: output
0000000000000000 B some_variable
configure:7166: result: BSD nm
configure:7169: checking whether ln -s works
configure:7173: result: yes
configure:7181: checking the maximum length of command line arguments
configure:7312: result: 1572864
configure:7360: checking how to convert x86_64-pc-linux-gnu file names to x86_64-pc-linux-gnu format
configure:7400: result: func_convert_file_noop
configure:7407: checking how to convert x86_64-pc-linux-gnu file names to toolchain format
configure:7427: result: func_convert_file_noop
configure:7434: checking for /usr/bin/ld option to reload object files
configure:7441: result: -r
configure:7515: checking for objdump
configure:7531: found /usr/bin/objdump
configure:7542: result: objdump
configure:7574: checking how to recognize dependent libraries
configure:7774: result: pass_all
configure:7859: checking for dlltool
configure:7889: result: no
configure:7919: checking how to associate runtime and link libraries
configure:7946: result: printf %s\n
configure:8006: checking for ar
configure:8022: found /usr/bin/ar
configure:8033: result: ar
configure:8070: checking for archiver @FILE support
configure:8087: gcc -c -g -O2 -DUSE_OPENSSL_FUNCTIONS_SYMMETRIC=1 -DUSE_OPENSSL_FUNCTIONS_EC=1 -DUSE_OPENSSL_FUNCTIONS_ECDSA=1 -DUSE_OPENSSL_FUNCTIONS_RSA=1  conftest.c >&5
configure:8087: $? = 0
configure:8090: ar cr libconftest.a @conftest.lst >&5
configure:8093: $? = 0
configure:8098: ar cr libconftest.a @conftest.lst >&5
ar: conftest.o: No such file or directory
configure:8101: $? = 1
configure:8113: result: @
configure:8171: checking for strip
configure:8187: found /usr/bin/strip
configure:8198: result: strip
configure:8270: checking for ranlib
configure:8286: found /usr/bin/ranlib
configure:8297: result: ranlib
configure:8399: checking command to parse /usr/bin/nm -B output from gcc object
configure:8552: gcc -c -g -O2 -DUSE_OPENSSL_FUNCTIONS_SYMMETRIC=1 -DUSE_OPENSSL_FUNCTIONS_EC=1 -DUSE_OPENSSL_FUNCTIONS_ECDSA=1 -DUSE_OPENSSL_FUNCTIONS_RSA=1  conftest.c >&5
configure:8555: $? = 0
configure:8559: /usr/bin/nm -B conftest.o | sed -n -e 's/^.*[	 ]\([ABCDGIRSTW][ABCDGIRSTW]*\)[	 ][	 ]*\([_A-Za-z][_A-Za-z0-9]*\)$/\1 \2 \2/p' | sed '/ __gnu_lto/d' > conftest.nm
configure:8625: gcc -o conftest -g -O2 -DUSE_OPENSSL_FUNCTIONS_SYMMETRIC=1 -DUSE_OPENSSL_FUNCTIONS_EC=1 -DUSE_OPENSSL_FUNCTIONS_ECDSA=1 -DUSE_OPENSSL_FUNCTIONS_RSA=1   conftest.c conftstm.o >&5
configure:8628: $? = 0
configure:8666: result: ok
configure:8713: checking for sysroot
configure:8743: result: no
configure:8750: checking for a working dd
configure:8788: result: /usr/bin/dd
configure:8792: checking how to truncate binary pipes
configure:8807: result: /usr/bin/dd bs=4096 count=1
configure:8943: gcc -c -g -O2 -DUSE_OPENSSL_FUNCTIONS_SYMMETRIC=1 -DUSE_OPENSSL_FUNCTIONS_EC=1 -DUSE_OPENSSL_FUNCTIONS_ECDSA=1 -DUSE_OPENSSL_FUNCTIONS_RSA=1  conftest.c >&5
configure:8946: $? = 0
configure:9136: checking for mt
configure:9152: found /usr/bin/mt
configure:9163: result: mt
configure:9186: checking if mt is a manifest tool
configure:9192: mt '-?'
configure:9200: result: no
configure:9874: checking for dlfcn.h
configure:9874: gcc -c -g -O2 -DUSE_OPENSSL_FUNCTIONS_SYMMETRIC=1 -DUSE_OPENSSL_FUNCTIONS_EC=1 -DUSE_OPENSSL_FUNCTIONS_ECDSA=1 -DUSE_OPENSSL_FUNCTIONS_RSA=1  conftest.c >&5
configure:9874: $? = 0
configure:9874: result: yes
configure:10130: checking for objdir
configure:10145: result: .libs
configure:10409: checking if gcc supports -fno-rtti -fno-exceptions
configure:10427: gcc -c -g -O2 -DUSE_OPENSSL_FUNCTIONS_SYMMETRIC=1 -DUSE_OPENSSL_FUNCTIONS_EC=1 -DUSE_OPENSSL_FUNCTIONS_ECDSA=1 -DUSE_OPENSSL_FUNCTIONS_RSA=1  -fno-rtti -fno-exceptions conftest.c >&5
cc1: warning: command-line option '-fno-rtti' is valid for C++/D/ObjC++ but not for C
configure:10431: $? = 0
configure:10444: result: no
configure:10808: checking for gcc option to produce PIC
configure:10815: result: -fPIC -DPIC
configure:10823: checking if gcc PIC flag -fPIC -DPIC works
configure:10841: gcc -c -g -O2 -DUSE_OPENSSL_FUNCTIONS_SYMMETRIC=1 -DUSE_OPENSSL_FUNCTIONS_EC=1 -DUSE_OPENSSL_FUNCTIONS_ECDSA=1 -DUSE_OPENSSL_FUNCTIONS_RSA=1  -fPIC -DPIC -DPIC conftest.c >&5
configure:10845: $? = 0
configure:10858: result: yes
configure:10887: checking if gcc static flag -static works
configure:10915: result: yes
configure:10930: checking if gcc supports -c -o file.o
configure:10951: gcc -c -g -O2 -DUSE_OPENSSL_FUNCTIONS_SYMMETRIC=1 -DUSE_OPENSSL_FUNCTIONS_EC=1 -DUSE_OPENSSL_FUNCTIONS_ECDSA=1 -DUSE_OPENSSL_FUNCTIONS_RSA=1  -o out/conftest2.o conftest.c >&5
configure:10955: $? = 0
configure:10977: result: yes
configure:10985: checking if gcc supports -c -o file.o
configure:11032: result: yes
configure:11065: checking whether the gcc linker (/usr/bin/ld -m elf_x86_64) supports shared libraries
configure:12328: result: yes
configure:12365: checking whether -lc should be explicitly linked in
configure:12373: gcc -c -g -O2 -DUSE_OPENSSL_FUNCTIONS_SYMMETRIC=1 -DUSE_OPENSSL_FUNCTIONS_EC=1 -DUSE_OPENSSL_FUNCTIONS_ECDSA=1 -DUSE_OPENSSL_FUNCTIONS_RSA=1  conftest.c >&5
configure:12376: $? = 0
configure:12391: gcc -shared  -fPIC -DPIC conftest.o  -v -Wl,-soname -Wl,conftest -o conftest 2\>\&1 \| /usr/bin/grep  -lc  \>/dev/null 2\>\&1
configure:12394: $? = 0
configure:12408: result: no
configure:12568: checking dynamic linker characteristics
configure:13149: gcc -o conftest -g -O2 -DUSE_OPENSSL_FUNCTIONS_SYMMETRIC=1 -DUSE_OPENSSL_FUNCTIONS_EC=1 -DUSE_OPENSSL_FUNCTIONS_ECDSA=1 -DUSE_OPENSSL_FUNCTIONS_RSA=1   -Wl,-rpath -Wl,/foo conftest.c -lcrypto -lcrypto -lcrypto -lcrypto -lcrypto -lcrypto -lcrypto -lcrypto -lcrypto -lcrypto -lcrypto -lcrypto -lcrypto -lcrypto -lcrypto -lcrypto -lcrypto -lcrypto -lcrypto -lcrypto -lcrypto -lcrypto -lcrypto -lcrypto -lcrypto -lcrypto -lcrypto -lcrypto -lcrypto -lcrypto  >&5
configure:13149: $? = 0
configure:13398: result: GNU/Linux ld.so
configure:13520: checking how to hardcode library paths into programs
configure:13545: result: immediate
configure:14093: checking whether stripping libraries is possible
configure:14098: result: yes
configure:14133: checking if libtool supports shared libraries
configure:14135: result: yes
configure:14138: checking whether to build shared libraries
configure:14163: result: yes
configure:14166: checking whether to build static libraries
configure:14170: result: yes
configure:14255: checking for gcc
configure:14282: result: gcc
configure:14511: checking for C compiler version
configure:14520: gcc --version >&5
gcc (Debian 10.2.1-6) 10.2.1 20210110
Copyright (C) 2020 Free Software Foundation, Inc.
This is free software; see the source for copying conditions.  There is NO
warranty; not even for MERCHANTABILITY or FITNESS FOR A PARTICULAR PURPOSE.

configure:14531: $? = 0
configure:14520: gcc -v >&5
Using built-in specs.
COLLECT_GCC=gcc
COLLECT_LTO_WRAPPER=/usr/lib/gcc/x86_64-linux-gnu/10/lto-wrapper
OFFLOAD_TARGET_NAMES=nvptx-none:amdgcn-amdhsa:hsa
OFFLOAD_TARGET_DEFAULT=1
Target: x86_64-linux-gnu
Configured with: ../src/configure -v --with-pkgversion='Debian 10.2.1-6' --with-bugurl=file:///usr/share/doc/gcc-10/README.Bugs --enable-languages=c,ada,c++,go,brig,d,fortran,objc,obj-c++,m2 --prefix=/usr --with-gcc-major-version-only --program-suffix=-10 --program-prefix=x86_64-linux-gnu- --enable-shared --enable-linker-build-id --libexecdir=/usr/lib --without-included-gettext --enable-threads=posix --libdir=/usr/lib --enable-nls --enable-bootstrap --enable-clocale=gnu --enable-libstdcxx-debug --enable-libstdcxx-time=yes --with-default-libstdcxx-abi=new --enable-gnu-unique-object --disable-vtable-verify --enable-plugin --enable-default-pie --with-system-zlib --enable-libphobos-checking=release --with-target-system-zlib=auto --enable-objc-gc=auto --enable-multiarch --disable-werror --with-arch-32=i686 --with-abi=m64 --with-multilib-list=m32,m64,mx32 --enable-multilib --with-tune=generic --enable-offload-targets=nvptx-none=/build/gcc-10-Km9U7s/gcc-10-10.2.1/debian/tmp-nvptx/usr,amdgcn-amdhsa=/build/gcc-10-Km9U7s/gcc-10-10.2.1/debian/tmp-gcn/usr,hsa --without-cuda-driver --enable-checking=release --build=x86_64-linux-gnu --host=x86_64-linux-gnu --target=x86_64-linux-gnu --with-build-config=bootstrap-lto-lean --enable-link-mutex
Thread model: posix
Supported LTO compression algorithms: zlib zstd
gcc version 10.2.1 20210110 (Debian 10.2.1-6) 
... rest of stderr output deleted ...
configure:14531: $? = 0
configure:14520: gcc -V >&5
gcc: error: unrecognized command-line option '-V'
gcc: fatal error: no input files
compilation terminated.
configure:14531: $? = 1
configure:14520: gcc -qversion >&5
gcc: error: unrecognized command-line option '-qversion'; did you mean '--version'?
gcc: fatal error: no input files
compilation terminated.
configure:14531: $? = 1
configure:14535: checking whether we are using the GNU C compiler
configure:14563: result: yes
configure:14572: checking whether gcc accepts -g
configure:14633: result: yes
configure:14650: checking for gcc option to accept ISO C89
configure:14726: result: none needed
configure:14751: checking whether gcc understands -c and -o together
configure:14788: result: yes
configure:14807: checking dependency style of gcc
configure:14918: result: gcc3
configure:14991: checking for g++
configure:15007: found /usr/bin/g++
configure:15018: result: g++
configure:15045: checking for C++ compiler version
configure:15054: g++ --version >&5
g++ (Debian 10.2.1-6) 10.2.1 20210110
Copyright (C) 2020 Free Software Foundation, Inc.
This is free software; see the source for copying conditions.  There is NO
warranty; not even for MERCHANTABILITY or FITNESS FOR A PARTICULAR PURPOSE.

configure:15065: $? = 0
configure:15054: g++ -v >&5
Using built-in specs.
COLLECT_GCC=g++
COLLECT_LTO_WRAPPER=/usr/lib/gcc/x86_64-linux-gnu/10/lto-wrapper
OFFLOAD_TARGET_NAMES=nvptx-none:amdgcn-amdhsa:hsa
OFFLOAD_TARGET_DEFAULT=1
Target: x86_64-linux-gnu
Configured with: ../src/configure -v --with-pkgversion='Debian 10.2.1-6' --with-bugurl=file:///usr/share/doc/gcc-10/README.Bugs --enable-languages=c,ada,c++,go,brig,d,fortran,objc,obj-c++,m2 --prefix=/usr --with-gcc-major-version-only --program-suffix=-10 --program-prefix=x86_64-linux-gnu- --enable-shared --enable-linker-build-id --libexecdir=/usr/lib --without-included-gettext --enable-threads=posix --libdir=/usr/lib --enable-nls --enable-bootstrap --enable-clocale=gnu --enable-libstdcxx-debug --enable-libstdcxx-time=yes --with-default-libstdcxx-abi=new --enable-gnu-unique-object --disable-vtable-verify --enable-plugin --enable-default-pie --with-system-zlib --enable-libphobos-checking=release --with-target-system-zlib=auto --enable-objc-gc=auto --enable-multiarch --disable-werror --with-arch-32=i686 --with-abi=m64 --with-multilib-list=m32,m64,mx32 --enable-multilib --with-tune=generic --enable-offload-targets=nvptx-none=/build/gcc-10-Km9U7s/gcc-10-10.2.1/debian/tmp-nvptx/usr,amdgcn-amdhsa=/build/gcc-10-Km9U7s/gcc-10-10.2.1/debian/tmp-gcn/usr,hsa --without-cuda-driver --enable-checking=release --build=x86_64-linux-gnu --host=x86_64-linux-gnu --target=x86_64-linux-gnu --with-build-config=bootstrap-lto-lean --enable-link-mutex
Thread model: posix
Supported LTO compression algorithms: zlib zstd
gcc version 10.2.1 20210110 (Debian 10.2.1-6) 
... rest of stderr output deleted ...
configure:15065: $? = 0
configure:15054: g++ -V >&5
g++: error: unrecognized command-line option '-V'
g++: fatal error: no input files
compilation terminated.
configure:15065: $? = 1
configure:15054: g++ -qversion >&5
g++: error: unrecognized command-line option '-qversion'; did you mean '--version'?
g++: fatal error: no input files
compilation terminated.
configure:15065: $? = 1
configure:15069: checking whether we are using the GNU C++ compiler
configure:15088: g++ -c   conftest.cpp >&5
configure:15088: $? = 0
configure:15097: result: yes
configure:15106: checking whether g++ accepts -g
configure:15126: g++ -c -g  conftest.cpp >&5
configure:15126: $? = 0
configure:15167: result: yes
configure:15192: checking dependency style of g++
configure:15303: result: gcc3
configure:15336: checking how to run the C++ preprocessor
configure:15363: g++ -E  conftest.cpp
configure:15363: $? = 0
configure:15377: g++ -E  conftest.cpp
conftest.cpp:56:10: fatal error: ac_nonexistent.h: No such file or directory
   56 | #include <ac_nonexistent.h>
      |          ^~~~~~~~~~~~~~~~~~
compilation terminated.
configure:15377: $? = 1
configure: failed program was:
| /* confdefs.h */
| #define PACKAGE_NAME "libtpms"
| #define PACKAGE_TARNAME "libtpms"
| #define PACKAGE_VERSION "0.7.7"
| #define PACKAGE_STRING "libtpms 0.7.7"
| #define PACKAGE_BUGREPORT ""
| #define PACKAGE_URL ""
| #define PACKAGE "libtpms"
| #define VERSION "0.7.7"
| #define STDC_HEADERS 1
| #define HAVE_SYS_TYPES_H 1
| #define HAVE_SYS_STAT_H 1
| #define HAVE_STDLIB_H 1
| #define HAVE_STRING_H 1
| #define HAVE_MEMORY_H 1
| #define HAVE_STRINGS_H 1
| #define HAVE_INTTYPES_H 1
| #define HAVE_STDINT_H 1
| #define HAVE_UNISTD_H 1
| #define HAVE_LIBCRYPTO 1
| #define HAVE_OPENSSL_AES_H 1
| #define USE_OPENSSL_CRYPTO_LIBRARY 1
| #define WITH_TPM2 1
| #define HAVE_LIBCRYPTO 1
| #define HAVE_LIBCRYPTO 1
| #define HAVE_LIBCRYPTO 1
| #define HAVE_LIBCRYPTO 1
| #define HAVE_LIBCRYPTO 1
| #define HAVE_LIBCRYPTO 1
| #define HAVE_LIBCRYPTO 1
| #define HAVE_LIBCRYPTO 1
| #define HAVE_LIBCRYPTO 1
| #define HAVE_LIBCRYPTO 1
| #define HAVE_LIBCRYPTO 1
| #define HAVE_LIBCRYPTO 1
| #define HAVE_LIBCRYPTO 1
| #define HAVE_LIBCRYPTO 1
| #define HAVE_LIBCRYPTO 1
| #define HAVE_LIBCRYPTO 1
| #define HAVE_LIBCRYPTO 1
| #define HAVE_LIBCRYPTO 1
| #define HAVE_LIBCRYPTO 1
| #define HAVE_LIBCRYPTO 1
| #define HAVE_LIBCRYPTO 1
| #define HAVE_LIBCRYPTO 1
| #define HAVE_LIBCRYPTO 1
| #define HAVE_LIBCRYPTO 1
| #define HAVE_LIBCRYPTO 1
| #define HAVE_LIBCRYPTO 1
| #define HAVE_LIBCRYPTO 1
| #define HAVE_LIBCRYPTO 1
| #define HAVE_LIBCRYPTO 1
| #define HAVE_DLFCN_H 1
| #define LT_OBJDIR ".libs/"
| /* end confdefs.h.  */
| #include <ac_nonexistent.h>
configure:15402: result: g++ -E
configure:15422: g++ -E  conftest.cpp
configure:15422: $? = 0
configure:15436: g++ -E  conftest.cpp
conftest.cpp:56:10: fatal error: ac_nonexistent.h: No such file or directory
   56 | #include <ac_nonexistent.h>
      |          ^~~~~~~~~~~~~~~~~~
compilation terminated.
configure:15436: $? = 1
configure: failed program was:
| /* confdefs.h */
| #define PACKAGE_NAME "libtpms"
| #define PACKAGE_TARNAME "libtpms"
| #define PACKAGE_VERSION "0.7.7"
| #define PACKAGE_STRING "libtpms 0.7.7"
| #define PACKAGE_BUGREPORT ""
| #define PACKAGE_URL ""
| #define PACKAGE "libtpms"
| #define VERSION "0.7.7"
| #define STDC_HEADERS 1
| #define HAVE_SYS_TYPES_H 1
| #define HAVE_SYS_STAT_H 1
| #define HAVE_STDLIB_H 1
| #define HAVE_STRING_H 1
| #define HAVE_MEMORY_H 1
| #define HAVE_STRINGS_H 1
| #define HAVE_INTTYPES_H 1
| #define HAVE_STDINT_H 1
| #define HAVE_UNISTD_H 1
| #define HAVE_LIBCRYPTO 1
| #define HAVE_OPENSSL_AES_H 1
| #define USE_OPENSSL_CRYPTO_LIBRARY 1
| #define WITH_TPM2 1
| #define HAVE_LIBCRYPTO 1
| #define HAVE_LIBCRYPTO 1
| #define HAVE_LIBCRYPTO 1
| #define HAVE_LIBCRYPTO 1
| #define HAVE_LIBCRYPTO 1
| #define HAVE_LIBCRYPTO 1
| #define HAVE_LIBCRYPTO 1
| #define HAVE_LIBCRYPTO 1
| #define HAVE_LIBCRYPTO 1
| #define HAVE_LIBCRYPTO 1
| #define HAVE_LIBCRYPTO 1
| #define HAVE_LIBCRYPTO 1
| #define HAVE_LIBCRYPTO 1
| #define HAVE_LIBCRYPTO 1
| #define HAVE_LIBCRYPTO 1
| #define HAVE_LIBCRYPTO 1
| #define HAVE_LIBCRYPTO 1
| #define HAVE_LIBCRYPTO 1
| #define HAVE_LIBCRYPTO 1
| #define HAVE_LIBCRYPTO 1
| #define HAVE_LIBCRYPTO 1
| #define HAVE_LIBCRYPTO 1
| #define HAVE_LIBCRYPTO 1
| #define HAVE_LIBCRYPTO 1
| #define HAVE_LIBCRYPTO 1
| #define HAVE_LIBCRYPTO 1
| #define HAVE_LIBCRYPTO 1
| #define HAVE_LIBCRYPTO 1
| #define HAVE_LIBCRYPTO 1
| #define HAVE_DLFCN_H 1
| #define LT_OBJDIR ".libs/"
| /* end confdefs.h.  */
| #include <ac_nonexistent.h>
configure:15598: checking for ld used by g++
configure:15665: result: /usr/bin/ld -m elf_x86_64
configure:15672: checking if the linker (/usr/bin/ld -m elf_x86_64) is GNU ld
configure:15687: result: yes
configure:15742: checking whether the g++ linker (/usr/bin/ld -m elf_x86_64) supports shared libraries
configure:16815: result: yes
configure:16851: g++ -c -g -O2  conftest.cpp >&5
configure:16854: $? = 0
configure:17335: checking for g++ option to produce PIC
configure:17342: result: -fPIC -DPIC
configure:17350: checking if g++ PIC flag -fPIC -DPIC works
configure:17368: g++ -c -g -O2  -fPIC -DPIC -DPIC conftest.cpp >&5
configure:17372: $? = 0
configure:17385: result: yes
configure:17408: checking if g++ static flag -static works
configure:17436: result: yes
configure:17448: checking if g++ supports -c -o file.o
configure:17469: g++ -c -g -O2  -o out/conftest2.o conftest.cpp >&5
configure:17473: $? = 0
configure:17495: result: yes
configure:17500: checking if g++ supports -c -o file.o
configure:17547: result: yes
configure:17577: checking whether the g++ linker (/usr/bin/ld -m elf_x86_64) supports shared libraries
configure:17620: result: yes
configure:17761: checking dynamic linker characteristics
configure:18518: result: GNU/Linux ld.so
configure:18583: checking how to hardcode library paths into programs
configure:18608: result: immediate
configure:18654: checking for ANSI C header files
configure:18758: result: yes
configure:18766: checking for an ANSI C-conforming const
configure:18832: gcc -c -g -O2 -DUSE_OPENSSL_FUNCTIONS_SYMMETRIC=1 -DUSE_OPENSSL_FUNCTIONS_EC=1 -DUSE_OPENSSL_FUNCTIONS_ECDSA=1 -DUSE_OPENSSL_FUNCTIONS_RSA=1  conftest.c >&5
configure:18832: $? = 0
configure:18839: result: yes
configure:18847: checking for inline
configure:18863: gcc -c -g -O2 -DUSE_OPENSSL_FUNCTIONS_SYMMETRIC=1 -DUSE_OPENSSL_FUNCTIONS_EC=1 -DUSE_OPENSSL_FUNCTIONS_ECDSA=1 -DUSE_OPENSSL_FUNCTIONS_RSA=1  conftest.c >&5
configure:18863: $? = 0
configure:18871: result: inline
configure:18890: checking for size_t
configure:18890: gcc -c -g -O2 -DUSE_OPENSSL_FUNCTIONS_SYMMETRIC=1 -DUSE_OPENSSL_FUNCTIONS_EC=1 -DUSE_OPENSSL_FUNCTIONS_ECDSA=1 -DUSE_OPENSSL_FUNCTIONS_RSA=1  conftest.c >&5
configure:18890: $? = 0
configure:18890: gcc -c -g -O2 -DUSE_OPENSSL_FUNCTIONS_SYMMETRIC=1 -DUSE_OPENSSL_FUNCTIONS_EC=1 -DUSE_OPENSSL_FUNCTIONS_ECDSA=1 -DUSE_OPENSSL_FUNCTIONS_RSA=1  conftest.c >&5
conftest.c: In function 'main':
conftest.c:93:21: error: expected expression before ')' token
   93 | if (sizeof ((size_t)))
      |                     ^
configure:18890: $? = 1
configure: failed program was:
| /* confdefs.h */
| #define PACKAGE_NAME "libtpms"
| #define PACKAGE_TARNAME "libtpms"
| #define PACKAGE_VERSION "0.7.7"
| #define PACKAGE_STRING "libtpms 0.7.7"
| #define PACKAGE_BUGREPORT ""
| #define PACKAGE_URL ""
| #define PACKAGE "libtpms"
| #define VERSION "0.7.7"
| #define STDC_HEADERS 1
| #define HAVE_SYS_TYPES_H 1
| #define HAVE_SYS_STAT_H 1
| #define HAVE_STDLIB_H 1
| #define HAVE_STRING_H 1
| #define HAVE_MEMORY_H 1
| #define HAVE_STRINGS_H 1
| #define HAVE_INTTYPES_H 1
| #define HAVE_STDINT_H 1
| #define HAVE_UNISTD_H 1
| #define HAVE_LIBCRYPTO 1
| #define HAVE_OPENSSL_AES_H 1
| #define USE_OPENSSL_CRYPTO_LIBRARY 1
| #define WITH_TPM2 1
| #define HAVE_LIBCRYPTO 1
| #define HAVE_LIBCRYPTO 1
| #define HAVE_LIBCRYPTO 1
| #define HAVE_LIBCRYPTO 1
| #define HAVE_LIBCRYPTO 1
| #define HAVE_LIBCRYPTO 1
| #define HAVE_LIBCRYPTO 1
| #define HAVE_LIBCRYPTO 1
| #define HAVE_LIBCRYPTO 1
| #define HAVE_LIBCRYPTO 1
| #define HAVE_LIBCRYPTO 1
| #define HAVE_LIBCRYPTO 1
| #define HAVE_LIBCRYPTO 1
| #define HAVE_LIBCRYPTO 1
| #define HAVE_LIBCRYPTO 1
| #define HAVE_LIBCRYPTO 1
| #define HAVE_LIBCRYPTO 1
| #define HAVE_LIBCRYPTO 1
| #define HAVE_LIBCRYPTO 1
| #define HAVE_LIBCRYPTO 1
| #define HAVE_LIBCRYPTO 1
| #define HAVE_LIBCRYPTO 1
| #define HAVE_LIBCRYPTO 1
| #define HAVE_LIBCRYPTO 1
| #define HAVE_LIBCRYPTO 1
| #define HAVE_LIBCRYPTO 1
| #define HAVE_LIBCRYPTO 1
| #define HAVE_LIBCRYPTO 1
| #define HAVE_LIBCRYPTO 1
| #define HAVE_DLFCN_H 1
| #define LT_OBJDIR ".libs/"
| #define STDC_HEADERS 1
| /* end confdefs.h.  */
| #include <stdio.h>
| #ifdef HAVE_SYS_TYPES_H
| # include <sys/types.h>
| #endif
| #ifdef HAVE_SYS_STAT_H
| # include <sys/stat.h>
| #endif
| #ifdef STDC_HEADERS
| # include <stdlib.h>
| # include <stddef.h>
| #else
| # ifdef HAVE_STDLIB_H
| #  include <stdlib.h>
| # endif
| #endif
| #ifdef HAVE_STRING_H
| # if !defined STDC_HEADERS && defined HAVE_MEMORY_H
| #  include <memory.h>
| # endif
| # include <string.h>
| #endif
| #ifdef HAVE_STRINGS_H
| # include <strings.h>
| #endif
| #ifdef HAVE_INTTYPES_H
| # include <inttypes.h>
| #endif
| #ifdef HAVE_STDINT_H
| # include <stdint.h>
| #endif
| #ifdef HAVE_UNISTD_H
| # include <unistd.h>
| #endif
| int
| main ()
| {
| if (sizeof ((size_t)))
| 	    return 0;
|   ;
|   return 0;
| }
configure:18890: result: yes
configure:18902: checking for clock_gettime in -lc
configure:18927: gcc -o conftest -g -O2 -DUSE_OPENSSL_FUNCTIONS_SYMMETRIC=1 -DUSE_OPENSSL_FUNCTIONS_EC=1 -DUSE_OPENSSL_FUNCTIONS_ECDSA=1 -DUSE_OPENSSL_FUNCTIONS_RSA=1   conftest.c -lc  -lcrypto -lcrypto -lcrypto -lcrypto -lcrypto -lcrypto -lcrypto -lcrypto -lcrypto -lcrypto -lcrypto -lcrypto -lcrypto -lcrypto -lcrypto -lcrypto -lcrypto -lcrypto -lcrypto -lcrypto -lcrypto -lcrypto -lcrypto -lcrypto -lcrypto -lcrypto -lcrypto -lcrypto -lcrypto -lcrypto  >&5
configure:18927: $? = 0
configure:18936: result: yes
configure:19081: checking that generated files are newer than configure
configure:19087: result: done
configure:19158: creating ./config.status

## ---------------------- ##
## Running config.status. ##
## ---------------------- ##

This file was extended by libtpms config.status 0.7.7, which was
generated by GNU Autoconf 2.69.  Invocation command line was

  CONFIG_FILES    = 
  CONFIG_HEADERS  = 
  CONFIG_LINKS    = 
  CONFIG_COMMANDS = 
  $ ./config.status 

on tango

config.status:1221: creating Makefile
config.status:1221: creating dist/libtpms.spec
config.status:1221: creating include/Makefile
config.status:1221: creating include/libtpms/Makefile
config.status:1221: creating include/libtpms/tpm_library.h
config.status:1221: creating man/Makefile
config.status:1221: creating man/man3/Makefile
config.status:1221: creating src/Makefile
config.status:1221: creating libtpms.pc
config.status:1221: creating tests/Makefile
config.status:1221: creating config.h
config.status:1402: config.h is unchanged
config.status:1450: executing depfiles commands
config.status:1527: cd src       && sed -e '/# am--include-marker/d' Makefile         | make -f - am--depfiles
make: Nothing to be done for 'am--depfiles'.
config.status:1532: $? = 0
config.status:1527: cd tests       && sed -e '/# am--include-marker/d' Makefile         | make -f - am--depfiles
make: Nothing to be done for 'am--depfiles'.
config.status:1532: $? = 0
config.status:1450: executing libtool commands

## ---------------- ##
## Cache variables. ##
## ---------------- ##

ac_cv_build=x86_64-pc-linux-gnu
ac_cv_c_compiler_gnu=yes
ac_cv_c_const=yes
ac_cv_c_inline=inline
ac_cv_cxx_compiler_gnu=yes
ac_cv_env_CCC_set=
ac_cv_env_CCC_value=
ac_cv_env_CC_set=
ac_cv_env_CC_value=
ac_cv_env_CFLAGS_set=
ac_cv_env_CFLAGS_value=
ac_cv_env_CPPFLAGS_set=
ac_cv_env_CPPFLAGS_value=
ac_cv_env_CPP_set=
ac_cv_env_CPP_value=
ac_cv_env_CXXCPP_set=
ac_cv_env_CXXCPP_value=
ac_cv_env_CXXFLAGS_set=
ac_cv_env_CXXFLAGS_value=
ac_cv_env_CXX_set=
ac_cv_env_CXX_value=
ac_cv_env_LDFLAGS_set=
ac_cv_env_LDFLAGS_value=
ac_cv_env_LIBS_set=
ac_cv_env_LIBS_value=
ac_cv_env_LT_SYS_LIBRARY_PATH_set=
ac_cv_env_LT_SYS_LIBRARY_PATH_value=
ac_cv_env_build_alias_set=
ac_cv_env_build_alias_value=
ac_cv_env_host_alias_set=
ac_cv_env_host_alias_value=
ac_cv_env_target_alias_set=
ac_cv_env_target_alias_value=
ac_cv_header_dlfcn_h=yes
ac_cv_header_inttypes_h=yes
ac_cv_header_memory_h=yes
ac_cv_header_openssl_aes_h=yes
ac_cv_header_stdc=yes
ac_cv_header_stdint_h=yes
ac_cv_header_stdlib_h=yes
ac_cv_header_string_h=yes
ac_cv_header_strings_h=yes
ac_cv_header_sys_stat_h=yes
ac_cv_header_sys_types_h=yes
ac_cv_header_unistd_h=yes
ac_cv_host=x86_64-pc-linux-gnu
ac_cv_lib_c_clock_gettime=yes
ac_cv_lib_crypto_AES_set_encrypt_key=yes
ac_cv_lib_crypto_DES_random_key=yes
ac_cv_lib_crypto_ECDSA_SIG_new=yes
ac_cv_lib_crypto_ECDSA_SIG_set0=yes
ac_cv_lib_crypto_ECDSA_do_sign=yes
ac_cv_lib_crypto_ECDSA_do_verify=yes
ac_cv_lib_crypto_EC_KEY_generate_key=yes
ac_cv_lib_crypto_EC_KEY_get0_private_key=yes
ac_cv_lib_crypto_EC_KEY_set_group=yes
ac_cv_lib_crypto_EVP_CIPHER_CTX_iv=yes
ac_cv_lib_crypto_EVP_CIPHER_CTX_new=yes
ac_cv_lib_crypto_EVP_EncryptInit_ex=yes
ac_cv_lib_crypto_EVP_PKEY_CTX_new=yes
ac_cv_lib_crypto_EVP_PKEY_assign=yes
ac_cv_lib_crypto_EVP_PKEY_decrypt=yes
ac_cv_lib_crypto_EVP_PKEY_decrypt_init=yes
ac_cv_lib_crypto_EVP_PKEY_encrypt=yes
ac_cv_lib_crypto_EVP_PKEY_encrypt_init=yes
ac_cv_lib_crypto_EVP_PKEY_sign=yes
ac_cv_lib_crypto_EVP_PKEY_sign_init=yes
ac_cv_lib_crypto_EVP_PKEY_verify=yes
ac_cv_lib_crypto_EVP_PKEY_verify_init=yes
ac_cv_lib_crypto_EVP_aes_128_cbc=yes
ac_cv_lib_crypto_EVP_des_ede3_cbc=yes
ac_cv_lib_crypto_EVP_get_digestbyname=yes
ac_cv_lib_crypto_RSA_generate_key_ex=yes
ac_cv_lib_crypto_RSA_set0_crt_params=yes
ac_cv_lib_crypto_RSA_set0_factors=yes
ac_cv_lib_crypto_RSA_set0_key=yes
ac_cv_objext=o
ac_cv_path_EGREP='/usr/bin/grep -E'
ac_cv_path_FGREP='/usr/bin/grep -F'
ac_cv_path_GREP=/usr/bin/grep
ac_cv_path_SED=/usr/bin/sed
ac_cv_path_install='/usr/bin/install -c'
ac_cv_path_lt_DD=/usr/bin/dd
ac_cv_path_mkdir=/usr/bin/mkdir
ac_cv_prog_AWK=gawk
ac_cv_prog_CPP='gcc -E'
ac_cv_prog_CXXCPP='g++ -E'
ac_cv_prog_ac_ct_AR=ar
ac_cv_prog_ac_ct_CC=gcc
ac_cv_prog_ac_ct_CXX=g++
ac_cv_prog_ac_ct_MANIFEST_TOOL=mt
ac_cv_prog_ac_ct_OBJDUMP=objdump
ac_cv_prog_ac_ct_RANLIB=ranlib
ac_cv_prog_ac_ct_STRIP=strip
ac_cv_prog_cc_c89=
ac_cv_prog_cc_g=yes
ac_cv_prog_cxx_g=yes
ac_cv_prog_make_make_set=yes
ac_cv_target=x86_64-pc-linux-gnu
ac_cv_type_size_t=yes
am_cv_CC_dependencies_compiler_type=gcc3
am_cv_CXX_dependencies_compiler_type=gcc3
am_cv_make_support_nested_variables=yes
am_cv_prog_cc_c_o=yes
ax_cv_check_ldflags___Wl___version_script___src_test_syms=yes
lt_cv_ar_at_file=@
lt_cv_archive_cmds_need_lc=no
lt_cv_deplibs_check_method=pass_all
lt_cv_file_magic_cmd='$MAGIC_CMD'
lt_cv_file_magic_test_file=
lt_cv_ld_reload_flag=-r
lt_cv_nm_interface='BSD nm'
lt_cv_objdir=.libs
lt_cv_path_LD=/usr/bin/ld
lt_cv_path_LDCXX='/usr/bin/ld -m elf_x86_64'
lt_cv_path_NM='/usr/bin/nm -B'
lt_cv_path_mainfest_tool=no
lt_cv_prog_compiler_c_o=yes
lt_cv_prog_compiler_c_o_CXX=yes
lt_cv_prog_compiler_pic='-fPIC -DPIC'
lt_cv_prog_compiler_pic_CXX='-fPIC -DPIC'
lt_cv_prog_compiler_pic_works=yes
lt_cv_prog_compiler_pic_works_CXX=yes
lt_cv_prog_compiler_rtti_exceptions=no
lt_cv_prog_compiler_static_works=yes
lt_cv_prog_compiler_static_works_CXX=yes
lt_cv_prog_gnu_ld=yes
lt_cv_prog_gnu_ldcxx=yes
lt_cv_sharedlib_from_linklib_cmd='printf %s\n'
lt_cv_shlibpath_overrides_runpath=yes
lt_cv_sys_global_symbol_pipe='sed -n -e '\''s/^.*[	 ]\([ABCDGIRSTW][ABCDGIRSTW]*\)[	 ][	 ]*\([_A-Za-z][_A-Za-z0-9]*\)$/\1 \2 \2/p'\'' | sed '\''/ __gnu_lto/d'\'''
lt_cv_sys_global_symbol_to_c_name_address='sed -n -e '\''s/^: \(.*\) .*$/  {"\1", (void *) 0},/p'\'' -e '\''s/^[ABCDGIRSTW][ABCDGIRSTW]* .* \(.*\)$/  {"\1", (void *) \&\1},/p'\'''
lt_cv_sys_global_symbol_to_c_name_address_lib_prefix='sed -n -e '\''s/^: \(.*\) .*$/  {"\1", (void *) 0},/p'\'' -e '\''s/^[ABCDGIRSTW][ABCDGIRSTW]* .* \(lib.*\)$/  {"\1", (void *) \&\1},/p'\'' -e '\''s/^[ABCDGIRSTW][ABCDGIRSTW]* .* \(.*\)$/  {"lib\1", (void *) \&\1},/p'\'''
lt_cv_sys_global_symbol_to_cdecl='sed -n -e '\''s/^T .* \(.*\)$/extern int \1();/p'\'' -e '\''s/^[ABCDGIRSTW][ABCDGIRSTW]* .* \(.*\)$/extern char \1;/p'\'''
lt_cv_sys_global_symbol_to_import=
lt_cv_sys_max_cmd_len=1572864
lt_cv_to_host_file_cmd=func_convert_file_noop
lt_cv_to_tool_file_cmd=func_convert_file_noop
lt_cv_truncate_bin='/usr/bin/dd bs=4096 count=1'

## ----------------- ##
## Output variables. ##
## ----------------- ##

ACLOCAL='${SHELL} '\''/home/lbr/code/debian-qemu-tpm/libtpms-0.7.7/missing'\'' aclocal-1.16'
AMDEPBACKSLASH='\'
AMDEP_FALSE='#'
AMDEP_TRUE=''
AMTAR='$${TAR-tar}'
AM_BACKSLASH='\'
AM_DEFAULT_V='$(AM_DEFAULT_VERBOSITY)'
AM_DEFAULT_VERBOSITY='1'
AM_V='$(V)'
AR='ar'
AUTOCONF='${SHELL} '\''/home/lbr/code/debian-qemu-tpm/libtpms-0.7.7/missing'\'' autoconf'
AUTOHEADER='${SHELL} '\''/home/lbr/code/debian-qemu-tpm/libtpms-0.7.7/missing'\'' autoheader'
AUTOMAKE='${SHELL} '\''/home/lbr/code/debian-qemu-tpm/libtpms-0.7.7/missing'\'' automake-1.16'
AWK='gawk'
CC='gcc'
CCDEPMODE='depmode=gcc3'
CFLAGS='-g -O2 -DUSE_OPENSSL_FUNCTIONS_SYMMETRIC=1 -DUSE_OPENSSL_FUNCTIONS_EC=1 -DUSE_OPENSSL_FUNCTIONS_ECDSA=1 -DUSE_OPENSSL_FUNCTIONS_RSA=1  -Wall -Werror -Wreturn-type -Wsign-compare -Wno-self-assign'
CPP='gcc -E'
CPPFLAGS=''
CXX='g++'
CXXCPP='g++ -E'
CXXDEPMODE='depmode=gcc3'
CXXFLAGS='-g -O2'
CYGPATH_W='echo'
DEBUG_DEFINES=''
DEFS='-DHAVE_CONFIG_H'
DEPDIR='.deps'
DLLTOOL='false'
DSYMUTIL=''
DUMPBIN=''
ECHO_C=''
ECHO_N='-n'
ECHO_T=''
EGREP='/usr/bin/grep -E'
EXEEXT=''
FGREP='/usr/bin/grep -F'
FUZZER=''
GREP='/usr/bin/grep'
HARDENING_CFLAGS='-fstack-protector-strong '
HARDENING_LDFLAGS=' -Wl,-z,relro  -Wl,-z,now '
HAVE_VERSION_SCRIPT_FALSE='#'
HAVE_VERSION_SCRIPT_TRUE=''
INSTALL_DATA='${INSTALL} -m 644'
INSTALL_PROGRAM='${INSTALL}'
INSTALL_SCRIPT='${INSTALL}'
INSTALL_STRIP_PROGRAM='$(install_sh) -c -s'
LD='/usr/bin/ld -m elf_x86_64'
LDFLAGS=' '
LIBOBJS=''
LIBRT_LIBS=''
LIBS='-lcrypto -lcrypto -lcrypto -lcrypto -lcrypto -lcrypto -lcrypto -lcrypto -lcrypto -lcrypto -lcrypto -lcrypto -lcrypto -lcrypto -lcrypto -lcrypto -lcrypto -lcrypto -lcrypto -lcrypto -lcrypto -lcrypto -lcrypto -lcrypto -lcrypto -lcrypto -lcrypto -lcrypto -lcrypto -lcrypto '
LIBTOOL='$(SHELL) $(top_builddir)/libtool'
LIBTPMS_USE_FREEBL_FALSE=''
LIBTPMS_USE_FREEBL_TRUE='#'
LIBTPMS_USE_OPENSSL_FALSE='#'
LIBTPMS_USE_OPENSSL_TRUE=''
LIBTPMS_VERSION='0.7.7'
LIBTPMS_VERSION_INFO='7:7:7'
LIBTPMS_VER_MAJOR='0'
LIBTPMS_VER_MICRO='7'
LIBTPMS_VER_MINOR='7'
LIB_FUZZING_ENGINE=''
LIPO=''
LN_S='ln -s'
LTLIBOBJS=''
LT_SYS_LIBRARY_PATH=''
MAKEINFO='${SHELL} '\''/home/lbr/code/debian-qemu-tpm/libtpms-0.7.7/missing'\'' makeinfo'
MANIFEST_TOOL=':'
MKDIR_P='/usr/bin/mkdir -p'
NM='/usr/bin/nm -B'
NMEDIT=''
OBJDUMP='objdump'
OBJEXT='o'
OTOOL64=''
OTOOL=''
PACKAGE='libtpms'
PACKAGE_BUGREPORT=''
PACKAGE_NAME='libtpms'
PACKAGE_STRING='libtpms 0.7.7'
PACKAGE_TARNAME='libtpms'
PACKAGE_URL=''
PACKAGE_VERSION='0.7.7'
PATH_SEPARATOR=':'
RANLIB='ranlib'
SANITIZERS='-fsanitize=address,undefined'
SED='/usr/bin/sed'
SET_MAKE=''
SHELL='/bin/bash'
STRIP='strip'
VERSION='0.7.7'
WITH_FUZZER_FALSE=''
WITH_FUZZER_TRUE='#'
WITH_FUZZING_ENGINE_FALSE=''
WITH_FUZZING_ENGINE_TRUE='#'
WITH_TPM2_FALSE='#'
WITH_TPM2_TRUE=''
ac_ct_AR='ar'
ac_ct_CC='gcc'
ac_ct_CXX='g++'
ac_ct_DUMPBIN=''
am__EXEEXT_FALSE=''
am__EXEEXT_TRUE='#'
am__fastdepCC_FALSE='#'
am__fastdepCC_TRUE=''
am__fastdepCXX_FALSE='#'
am__fastdepCXX_TRUE=''
am__include='include'
am__isrc=''
am__leading_dot='.'
am__nodep='_no'
am__quote=''
am__tar='$${TAR-tar} chof - "$$tardir"'
am__untar='$${TAR-tar} xf -'
bindir='${exec_prefix}/bin'
build='x86_64-pc-linux-gnu'
build_alias=''
build_cpu='x86_64'
build_os='linux-gnu'
build_vendor='pc'
cryptolib='openssl'
datadir='${datarootdir}'
datarootdir='${prefix}/share'
docdir='${datarootdir}/doc/${PACKAGE_TARNAME}'
dvidir='${docdir}'
exec_prefix='${prefix}'
host='x86_64-pc-linux-gnu'
host_alias=''
host_cpu='x86_64'
host_os='linux-gnu'
host_vendor='pc'
htmldir='${docdir}'
includedir='${prefix}/include'
infodir='${datarootdir}/info'
install_sh='${SHELL} /home/lbr/code/debian-qemu-tpm/libtpms-0.7.7/install-sh'
libdir='${exec_prefix}/lib'
libexecdir='${exec_prefix}/libexec'
localedir='${datarootdir}/locale'
localstatedir='${prefix}/var'
mandir='${datarootdir}/man'
mkdir_p='$(MKDIR_P)'
oldincludedir='/usr/include'
pdfdir='${docdir}'
prefix='/usr'
program_transform_name='s,x,x,'
psdir='${docdir}'
runstatedir='${localstatedir}/run'
sbindir='${exec_prefix}/sbin'
sharedstatedir='${prefix}/com'
sysconfdir='${prefix}/etc'
target='x86_64-pc-linux-gnu'
target_alias=''
target_cpu='x86_64'
target_os='linux-gnu'
target_vendor='pc'

## ----------- ##
## confdefs.h. ##
## ----------- ##

/* confdefs.h */
#define PACKAGE_NAME "libtpms"
#define PACKAGE_TARNAME "libtpms"
#define PACKAGE_VERSION "0.7.7"
#define PACKAGE_STRING "libtpms 0.7.7"
#define PACKAGE_BUGREPORT ""
#define PACKAGE_URL ""
#define PACKAGE "libtpms"
#define VERSION "0.7.7"
#define STDC_HEADERS 1
#define HAVE_SYS_TYPES_H 1
#define HAVE_SYS_STAT_H 1
#define HAVE_STDLIB_H 1
#define HAVE_STRING_H 1
#define HAVE_MEMORY_H 1
#define HAVE_STRINGS_H 1
#define HAVE_INTTYPES_H 1
#define HAVE_STDINT_H 1
#define HAVE_UNISTD_H 1
#define HAVE_LIBCRYPTO 1
#define HAVE_OPENSSL_AES_H 1
#define USE_OPENSSL_CRYPTO_LIBRARY 1
#define WITH_TPM2 1
#define HAVE_LIBCRYPTO 1
#define HAVE_LIBCRYPTO 1
#define HAVE_LIBCRYPTO 1
#define HAVE_LIBCRYPTO 1
#define HAVE_LIBCRYPTO 1
#define HAVE_LIBCRYPTO 1
#define HAVE_LIBCRYPTO 1
#define HAVE_LIBCRYPTO 1
#define HAVE_LIBCRYPTO 1
#define HAVE_LIBCRYPTO 1
#define HAVE_LIBCRYPTO 1
#define HAVE_LIBCRYPTO 1
#define HAVE_LIBCRYPTO 1
#define HAVE_LIBCRYPTO 1
#define HAVE_LIBCRYPTO 1
#define HAVE_LIBCRYPTO 1
#define HAVE_LIBCRYPTO 1
#define HAVE_LIBCRYPTO 1
#define HAVE_LIBCRYPTO 1
#define HAVE_LIBCRYPTO 1
#define HAVE_LIBCRYPTO 1
#define HAVE_LIBCRYPTO 1
#define HAVE_LIBCRYPTO 1
#define HAVE_LIBCRYPTO 1
#define HAVE_LIBCRYPTO 1
#define HAVE_LIBCRYPTO 1
#define HAVE_LIBCRYPTO 1
#define HAVE_LIBCRYPTO 1
#define HAVE_LIBCRYPTO 1
#define HAVE_DLFCN_H 1
#define LT_OBJDIR ".libs/"
#define STDC_HEADERS 1

configure: exit 0
