This file contains any messages produced by compilers while
running configure, to aid debugging if configure makes a mistake.

It was created by swtpm configure 0.5.2, which was
generated by GNU Autoconf 2.69.  Invocation command line was

  $ ./configure --prefix=/usr --enable-static --with-seccomp

## --------- ##
## Platform. ##
## --------- ##

hostname = tango
uname -m = x86_64
uname -r = 5.10.0-5-amd64
uname -s = Linux
uname -v = #1 SMP Debian 5.10.26-1 (2021-03-27)

/usr/bin/uname -p = unknown
/bin/uname -X     = unknown

/bin/arch              = x86_64
/usr/bin/arch -k       = unknown
/usr/convex/getsysinfo = unknown
/usr/bin/hostinfo      = unknown
/bin/machine           = unknown
/usr/bin/oslevel       = unknown
/bin/universe          = unknown

PATH: /home/lbr/.local/bin
PATH: /home/lbr/.local/bin
PATH: /home/lbr/.local/bin
PATH: /usr/local/bin
PATH: /usr/bin
PATH: /bin
PATH: /usr/local/games
PATH: /usr/games


## ----------- ##
## Core tests. ##
## ----------- ##

configure:2438: checking for gcc
configure:2454: found /usr/bin/gcc
configure:2465: result: gcc
configure:2694: checking for C compiler version
configure:2703: gcc --version >&5
gcc (Debian 10.2.1-6) 10.2.1 20210110
Copyright (C) 2020 Free Software Foundation, Inc.
This is free software; see the source for copying conditions.  There is NO
warranty; not even for MERCHANTABILITY or FITNESS FOR A PARTICULAR PURPOSE.

configure:2714: $? = 0
configure:2703: gcc -v >&5
Using built-in specs.
COLLECT_GCC=gcc
COLLECT_LTO_WRAPPER=/usr/lib/gcc/x86_64-linux-gnu/10/lto-wrapper
OFFLOAD_TARGET_NAMES=nvptx-none:amdgcn-amdhsa:hsa
OFFLOAD_TARGET_DEFAULT=1
Target: x86_64-linux-gnu
Configured with: ../src/configure -v --with-pkgversion='Debian 10.2.1-6' --with-bugurl=file:///usr/share/doc/gcc-10/README.Bugs --enable-languages=c,ada,c++,go,brig,d,fortran,objc,obj-c++,m2 --prefix=/usr --with-gcc-major-version-only --program-suffix=-10 --program-prefix=x86_64-linux-gnu- --enable-shared --enable-linker-build-id --libexecdir=/usr/lib --without-included-gettext --enable-threads=posix --libdir=/usr/lib --enable-nls --enable-bootstrap --enable-clocale=gnu --enable-libstdcxx-debug --enable-libstdcxx-time=yes --with-default-libstdcxx-abi=new --enable-gnu-unique-object --disable-vtable-verify --enable-plugin --enable-default-pie --with-system-zlib --enable-libphobos-checking=release --with-target-system-zlib=auto --enable-objc-gc=auto --enable-multiarch --disable-werror --with-arch-32=i686 --with-abi=m64 --with-multilib-list=m32,m64,mx32 --enable-multilib --with-tune=generic --enable-offload-targets=nvptx-none=/build/gcc-10-Km9U7s/gcc-10-10.2.1/debian/tmp-nvptx/usr,amdgcn-amdhsa=/build/gcc-10-Km9U7s/gcc-10-10.2.1/debian/tmp-gcn/usr,hsa --without-cuda-driver --enable-checking=release --build=x86_64-linux-gnu --host=x86_64-linux-gnu --target=x86_64-linux-gnu --with-build-config=bootstrap-lto-lean --enable-link-mutex
Thread model: posix
Supported LTO compression algorithms: zlib zstd
gcc version 10.2.1 20210110 (Debian 10.2.1-6) 
... rest of stderr output deleted ...
configure:2714: $? = 0
configure:2703: gcc -V >&5
gcc: error: unrecognized command-line option '-V'
gcc: fatal error: no input files
compilation terminated.
configure:2714: $? = 1
configure:2703: gcc -qversion >&5
gcc: error: unrecognized command-line option '-qversion'; did you mean '--version'?
gcc: fatal error: no input files
compilation terminated.
configure:2714: $? = 1
configure:2734: checking whether the C compiler works
configure:2756: gcc    conftest.c  >&5
configure:2760: $? = 0
configure:2808: result: yes
configure:2811: checking for C compiler default output file name
configure:2813: result: a.out
configure:2819: checking for suffix of executables
configure:2826: gcc -o conftest    conftest.c  >&5
configure:2830: $? = 0
configure:2852: result: 
configure:2874: checking whether we are cross compiling
configure:2882: gcc -o conftest    conftest.c  >&5
configure:2886: $? = 0
configure:2893: ./conftest
configure:2897: $? = 0
configure:2912: result: no
configure:2917: checking for suffix of object files
configure:2939: gcc -c   conftest.c >&5
configure:2943: $? = 0
configure:2964: result: o
configure:2968: checking whether we are using the GNU C compiler
configure:2987: gcc -c   conftest.c >&5
configure:2987: $? = 0
configure:2996: result: yes
configure:3005: checking whether gcc accepts -g
configure:3025: gcc -c -g  conftest.c >&5
configure:3025: $? = 0
configure:3066: result: yes
configure:3083: checking for gcc option to accept ISO C89
configure:3146: gcc  -c -g -O2  conftest.c >&5
configure:3146: $? = 0
configure:3159: result: none needed
configure:3216: checking whether gcc understands -c and -o together
configure:3238: gcc -c conftest.c -o conftest2.o
configure:3241: $? = 0
configure:3238: gcc -c conftest.c -o conftest2.o
configure:3241: $? = 0
configure:3253: result: yes
configure:3284: checking for a BSD-compatible install
configure:3352: result: /usr/bin/install -c
configure:3363: checking whether ln -s works
configure:3367: result: yes
configure:3403: checking build system type
configure:3417: result: x86_64-pc-linux-gnu
configure:3437: checking host system type
configure:3450: result: x86_64-pc-linux-gnu
configure:3491: checking how to print strings
configure:3518: result: printf
configure:3539: checking for a sed that does not truncate output
configure:3603: result: /usr/bin/sed
configure:3621: checking for grep that handles long lines and -e
configure:3679: result: /usr/bin/grep
configure:3684: checking for egrep
configure:3746: result: /usr/bin/grep -E
configure:3751: checking for fgrep
configure:3813: result: /usr/bin/grep -F
configure:3848: checking for ld used by gcc
configure:3915: result: /usr/bin/ld
configure:3922: checking if the linker (/usr/bin/ld) is GNU ld
configure:3937: result: yes
configure:3949: checking for BSD- or MS-compatible name lister (nm)
configure:4003: result: /usr/bin/nm -B
configure:4133: checking the name lister (/usr/bin/nm -B) interface
configure:4140: gcc -c -g -O2  conftest.c >&5
configure:4143: /usr/bin/nm -B "conftest.o"
configure:4146: output
0000000000000000 B some_variable
configure:4153: result: BSD nm
configure:4157: checking the maximum length of command line arguments
configure:4288: result: 1572864
configure:4336: checking how to convert x86_64-pc-linux-gnu file names to x86_64-pc-linux-gnu format
configure:4376: result: func_convert_file_noop
configure:4383: checking how to convert x86_64-pc-linux-gnu file names to toolchain format
configure:4403: result: func_convert_file_noop
configure:4410: checking for /usr/bin/ld option to reload object files
configure:4417: result: -r
configure:4491: checking for objdump
configure:4507: found /usr/bin/objdump
configure:4518: result: objdump
configure:4550: checking how to recognize dependent libraries
configure:4750: result: pass_all
configure:4835: checking for dlltool
configure:4865: result: no
configure:4895: checking how to associate runtime and link libraries
configure:4922: result: printf %s\n
configure:4983: checking for ar
configure:4999: found /usr/bin/ar
configure:5010: result: ar
configure:5047: checking for archiver @FILE support
configure:5064: gcc -c -g -O2  conftest.c >&5
configure:5064: $? = 0
configure:5067: ar cr libconftest.a @conftest.lst >&5
configure:5070: $? = 0
configure:5075: ar cr libconftest.a @conftest.lst >&5
ar: conftest.o: No such file or directory
configure:5078: $? = 1
configure:5090: result: @
configure:5148: checking for strip
configure:5164: found /usr/bin/strip
configure:5175: result: strip
configure:5247: checking for ranlib
configure:5263: found /usr/bin/ranlib
configure:5274: result: ranlib
configure:5351: checking for gawk
configure:5367: found /usr/bin/gawk
configure:5378: result: gawk
configure:5418: checking command to parse /usr/bin/nm -B output from gcc object
configure:5571: gcc -c -g -O2  conftest.c >&5
configure:5574: $? = 0
configure:5578: /usr/bin/nm -B conftest.o | sed -n -e 's/^.*[	 ]\([ABCDGIRSTW][ABCDGIRSTW]*\)[	 ][	 ]*\([_A-Za-z][_A-Za-z0-9]*\)$/\1 \2 \2/p' | sed '/ __gnu_lto/d' > conftest.nm
configure:5644: gcc -o conftest -g -O2   conftest.c conftstm.o >&5
configure:5647: $? = 0
configure:5685: result: ok
configure:5732: checking for sysroot
configure:5762: result: no
configure:5769: checking for a working dd
configure:5807: result: /usr/bin/dd
configure:5811: checking how to truncate binary pipes
configure:5826: result: /usr/bin/dd bs=4096 count=1
configure:5962: gcc -c -g -O2  conftest.c >&5
configure:5965: $? = 0
configure:6155: checking for mt
configure:6171: found /usr/bin/mt
configure:6182: result: mt
configure:6205: checking if mt is a manifest tool
configure:6211: mt '-?'
configure:6219: result: no
configure:6896: checking how to run the C preprocessor
configure:6927: gcc -E  conftest.c
configure:6927: $? = 0
configure:6941: gcc -E  conftest.c
conftest.c:9:10: fatal error: ac_nonexistent.h: No such file or directory
    9 | #include <ac_nonexistent.h>
      |          ^~~~~~~~~~~~~~~~~~
compilation terminated.
configure:6941: $? = 1
configure: failed program was:
| /* confdefs.h */
| #define PACKAGE_NAME "swtpm"
| #define PACKAGE_TARNAME "swtpm"
| #define PACKAGE_VERSION "0.5.2"
| #define PACKAGE_STRING "swtpm 0.5.2"
| #define PACKAGE_BUGREPORT ""
| #define PACKAGE_URL ""
| /* end confdefs.h.  */
| #include <ac_nonexistent.h>
configure:6966: result: gcc -E
configure:6986: gcc -E  conftest.c
configure:6986: $? = 0
configure:7000: gcc -E  conftest.c
conftest.c:9:10: fatal error: ac_nonexistent.h: No such file or directory
    9 | #include <ac_nonexistent.h>
      |          ^~~~~~~~~~~~~~~~~~
compilation terminated.
configure:7000: $? = 1
configure: failed program was:
| /* confdefs.h */
| #define PACKAGE_NAME "swtpm"
| #define PACKAGE_TARNAME "swtpm"
| #define PACKAGE_VERSION "0.5.2"
| #define PACKAGE_STRING "swtpm 0.5.2"
| #define PACKAGE_BUGREPORT ""
| #define PACKAGE_URL ""
| /* end confdefs.h.  */
| #include <ac_nonexistent.h>
configure:7029: checking for ANSI C header files
configure:7049: gcc -c -g -O2  conftest.c >&5
configure:7049: $? = 0
configure:7122: gcc -o conftest -g -O2   conftest.c  >&5
configure:7122: $? = 0
configure:7122: ./conftest
configure:7122: $? = 0
configure:7133: result: yes
configure:7146: checking for sys/types.h
configure:7146: gcc -c -g -O2  conftest.c >&5
configure:7146: $? = 0
configure:7146: result: yes
configure:7146: checking for sys/stat.h
configure:7146: gcc -c -g -O2  conftest.c >&5
configure:7146: $? = 0
configure:7146: result: yes
configure:7146: checking for stdlib.h
configure:7146: gcc -c -g -O2  conftest.c >&5
configure:7146: $? = 0
configure:7146: result: yes
configure:7146: checking for string.h
configure:7146: gcc -c -g -O2  conftest.c >&5
configure:7146: $? = 0
configure:7146: result: yes
configure:7146: checking for memory.h
configure:7146: gcc -c -g -O2  conftest.c >&5
configure:7146: $? = 0
configure:7146: result: yes
configure:7146: checking for strings.h
configure:7146: gcc -c -g -O2  conftest.c >&5
configure:7146: $? = 0
configure:7146: result: yes
configure:7146: checking for inttypes.h
configure:7146: gcc -c -g -O2  conftest.c >&5
configure:7146: $? = 0
configure:7146: result: yes
configure:7146: checking for stdint.h
configure:7146: gcc -c -g -O2  conftest.c >&5
configure:7146: $? = 0
configure:7146: result: yes
configure:7146: checking for unistd.h
configure:7146: gcc -c -g -O2  conftest.c >&5
configure:7146: $? = 0
configure:7146: result: yes
configure:7160: checking for dlfcn.h
configure:7160: gcc -c -g -O2  conftest.c >&5
configure:7160: $? = 0
configure:7160: result: yes
configure:7416: checking for objdir
configure:7431: result: .libs
configure:7695: checking if gcc supports -fno-rtti -fno-exceptions
configure:7713: gcc -c -g -O2  -fno-rtti -fno-exceptions conftest.c >&5
cc1: warning: command-line option '-fno-rtti' is valid for C++/D/ObjC++ but not for C
configure:7717: $? = 0
configure:7730: result: no
configure:8094: checking for gcc option to produce PIC
configure:8101: result: -fPIC -DPIC
configure:8109: checking if gcc PIC flag -fPIC -DPIC works
configure:8127: gcc -c -g -O2  -fPIC -DPIC -DPIC conftest.c >&5
configure:8131: $? = 0
configure:8144: result: yes
configure:8173: checking if gcc static flag -static works
configure:8201: result: yes
configure:8216: checking if gcc supports -c -o file.o
configure:8237: gcc -c -g -O2  -o out/conftest2.o conftest.c >&5
configure:8241: $? = 0
configure:8263: result: yes
configure:8271: checking if gcc supports -c -o file.o
configure:8318: result: yes
configure:8351: checking whether the gcc linker (/usr/bin/ld -m elf_x86_64) supports shared libraries
configure:9614: result: yes
configure:9651: checking whether -lc should be explicitly linked in
configure:9659: gcc -c -g -O2  conftest.c >&5
configure:9662: $? = 0
configure:9677: gcc -shared  -fPIC -DPIC conftest.o  -v -Wl,-soname -Wl,conftest -o conftest 2\>\&1 \| /usr/bin/grep  -lc  \>/dev/null 2\>\&1
configure:9680: $? = 0
configure:9694: result: no
configure:9854: checking dynamic linker characteristics
configure:10435: gcc -o conftest -g -O2   -Wl,-rpath -Wl,/foo conftest.c  >&5
configure:10435: $? = 0
configure:10684: result: GNU/Linux ld.so
configure:10806: checking how to hardcode library paths into programs
configure:10831: result: immediate
configure:11379: checking whether stripping libraries is possible
configure:11384: result: yes
configure:11419: checking if libtool supports shared libraries
configure:11421: result: yes
configure:11424: checking whether to build shared libraries
configure:11449: result: yes
configure:11452: checking whether to build static libraries
configure:11456: result: yes
configure:11495: checking target system type
configure:11508: result: x86_64-pc-linux-gnu
configure:11537: checking whether build environment is sane
configure:11592: result: yes
configure:11735: checking for a thread-safe mkdir -p
configure:11774: result: /usr/bin/mkdir -p
configure:11777: checking whether make sets $(MAKE)
configure:11799: result: yes
configure:11821: checking whether make supports the include directive
configure:11836: make -f confmf.GNU && cat confinc.out
this is the am__doit target
configure:11839: $? = 0
configure:11858: result: yes (GNU style)
configure:11891: checking whether make supports nested variables
configure:11908: result: yes
configure:11993: checking dependency style of gcc
configure:12104: result: gcc3
configure:12173: checking whether make supports nested variables
configure:12190: result: yes
configure:12203: checking for debug-enabled build
configure:12218: result: no
configure:12235: checking for ANSI C header files
configure:12339: result: yes
configure:12347: checking for an ANSI C-conforming const
configure:12413: gcc -c -g -O2  conftest.c >&5
configure:12413: $? = 0
configure:12420: result: yes
configure:12428: checking for inline
configure:12444: gcc -c -g -O2  conftest.c >&5
configure:12444: $? = 0
configure:12452: result: inline
configure:12471: checking for size_t
configure:12471: gcc -c -g -O2  conftest.c >&5
configure:12471: $? = 0
configure:12471: gcc -c -g -O2  conftest.c >&5
conftest.c: In function 'main':
conftest.c:60:21: error: expected expression before ')' token
   60 | if (sizeof ((size_t)))
      |                     ^
configure:12471: $? = 1
configure: failed program was:
| /* confdefs.h */
| #define PACKAGE_NAME "swtpm"
| #define PACKAGE_TARNAME "swtpm"
| #define PACKAGE_VERSION "0.5.2"
| #define PACKAGE_STRING "swtpm 0.5.2"
| #define PACKAGE_BUGREPORT ""
| #define PACKAGE_URL ""
| #define STDC_HEADERS 1
| #define HAVE_SYS_TYPES_H 1
| #define HAVE_SYS_STAT_H 1
| #define HAVE_STDLIB_H 1
| #define HAVE_STRING_H 1
| #define HAVE_MEMORY_H 1
| #define HAVE_STRINGS_H 1
| #define HAVE_INTTYPES_H 1
| #define HAVE_STDINT_H 1
| #define HAVE_UNISTD_H 1
| #define HAVE_DLFCN_H 1
| #define LT_OBJDIR ".libs/"
| #define PACKAGE "swtpm"
| #define VERSION "0.5.2"
| #define STDC_HEADERS 1
| /* end confdefs.h.  */
| #include <stdio.h>
| #ifdef HAVE_SYS_TYPES_H
| # include <sys/types.h>
| #endif
| #ifdef HAVE_SYS_STAT_H
| # include <sys/stat.h>
| #endif
| #ifdef STDC_HEADERS
| # include <stdlib.h>
| # include <stddef.h>
| #else
| # ifdef HAVE_STDLIB_H
| #  include <stdlib.h>
| # endif
| #endif
| #ifdef HAVE_STRING_H
| # if !defined STDC_HEADERS && defined HAVE_MEMORY_H
| #  include <memory.h>
| # endif
| # include <string.h>
| #endif
| #ifdef HAVE_STRINGS_H
| # include <strings.h>
| #endif
| #ifdef HAVE_INTTYPES_H
| # include <inttypes.h>
| #endif
| #ifdef HAVE_STDINT_H
| # include <stdint.h>
| #endif
| #ifdef HAVE_UNISTD_H
| # include <unistd.h>
| #endif
| int
| main ()
| {
| if (sizeof ((size_t)))
| 	    return 0;
|   ;
|   return 0;
| }
configure:12471: result: yes
configure:12482: checking return type of signal handlers
configure:12500: gcc -c -g -O2  conftest.c >&5
conftest.c: In function 'main':
conftest.c:30:10: error: void value not ignored as it ought to be
   30 | return *(signal (0, 0)) (0) == 1;
      |         ~^~~~~~~~~~~~~~~~~~
configure:12500: $? = 1
configure: failed program was:
| /* confdefs.h */
| #define PACKAGE_NAME "swtpm"
| #define PACKAGE_TARNAME "swtpm"
| #define PACKAGE_VERSION "0.5.2"
| #define PACKAGE_STRING "swtpm 0.5.2"
| #define PACKAGE_BUGREPORT ""
| #define PACKAGE_URL ""
| #define STDC_HEADERS 1
| #define HAVE_SYS_TYPES_H 1
| #define HAVE_SYS_STAT_H 1
| #define HAVE_STDLIB_H 1
| #define HAVE_STRING_H 1
| #define HAVE_MEMORY_H 1
| #define HAVE_STRINGS_H 1
| #define HAVE_INTTYPES_H 1
| #define HAVE_STDINT_H 1
| #define HAVE_UNISTD_H 1
| #define HAVE_DLFCN_H 1
| #define LT_OBJDIR ".libs/"
| #define PACKAGE "swtpm"
| #define VERSION "0.5.2"
| #define STDC_HEADERS 1
| /* end confdefs.h.  */
| #include <sys/types.h>
| #include <signal.h>
| 
| int
| main ()
| {
| return *(signal (0, 0)) (0) == 1;
|   ;
|   return 0;
| }
configure:12507: result: void
configure:12564: checking for gcc
configure:12591: result: gcc
configure:12820: checking for C compiler version
configure:12829: gcc --version >&5
gcc (Debian 10.2.1-6) 10.2.1 20210110
Copyright (C) 2020 Free Software Foundation, Inc.
This is free software; see the source for copying conditions.  There is NO
warranty; not even for MERCHANTABILITY or FITNESS FOR A PARTICULAR PURPOSE.

configure:12840: $? = 0
configure:12829: gcc -v >&5
Using built-in specs.
COLLECT_GCC=gcc
COLLECT_LTO_WRAPPER=/usr/lib/gcc/x86_64-linux-gnu/10/lto-wrapper
OFFLOAD_TARGET_NAMES=nvptx-none:amdgcn-amdhsa:hsa
OFFLOAD_TARGET_DEFAULT=1
Target: x86_64-linux-gnu
Configured with: ../src/configure -v --with-pkgversion='Debian 10.2.1-6' --with-bugurl=file:///usr/share/doc/gcc-10/README.Bugs --enable-languages=c,ada,c++,go,brig,d,fortran,objc,obj-c++,m2 --prefix=/usr --with-gcc-major-version-only --program-suffix=-10 --program-prefix=x86_64-linux-gnu- --enable-shared --enable-linker-build-id --libexecdir=/usr/lib --without-included-gettext --enable-threads=posix --libdir=/usr/lib --enable-nls --enable-bootstrap --enable-clocale=gnu --enable-libstdcxx-debug --enable-libstdcxx-time=yes --with-default-libstdcxx-abi=new --enable-gnu-unique-object --disable-vtable-verify --enable-plugin --enable-default-pie --with-system-zlib --enable-libphobos-checking=release --with-target-system-zlib=auto --enable-objc-gc=auto --enable-multiarch --disable-werror --with-arch-32=i686 --with-abi=m64 --with-multilib-list=m32,m64,mx32 --enable-multilib --with-tune=generic --enable-offload-targets=nvptx-none=/build/gcc-10-Km9U7s/gcc-10-10.2.1/debian/tmp-nvptx/usr,amdgcn-amdhsa=/build/gcc-10-Km9U7s/gcc-10-10.2.1/debian/tmp-gcn/usr,hsa --without-cuda-driver --enable-checking=release --build=x86_64-linux-gnu --host=x86_64-linux-gnu --target=x86_64-linux-gnu --with-build-config=bootstrap-lto-lean --enable-link-mutex
Thread model: posix
Supported LTO compression algorithms: zlib zstd
gcc version 10.2.1 20210110 (Debian 10.2.1-6) 
... rest of stderr output deleted ...
configure:12840: $? = 0
configure:12829: gcc -V >&5
gcc: error: unrecognized command-line option '-V'
gcc: fatal error: no input files
compilation terminated.
configure:12840: $? = 1
configure:12829: gcc -qversion >&5
gcc: error: unrecognized command-line option '-qversion'; did you mean '--version'?
gcc: fatal error: no input files
compilation terminated.
configure:12840: $? = 1
configure:12844: checking whether we are using the GNU C compiler
configure:12872: result: yes
configure:12881: checking whether gcc accepts -g
configure:12942: result: yes
configure:12959: checking for gcc option to accept ISO C89
configure:13035: result: none needed
configure:13060: checking whether gcc understands -c and -o together
configure:13097: result: yes
configure:13137: checking for semodule
configure:13170: result: no
configure:13226: checking for AES_set_encrypt_key in -lcrypto
configure:13251: gcc -o conftest -g -O2   conftest.c -lcrypto   >&5
configure:13251: $? = 0
configure:13260: result: yes
configure:13270: checking openssl/aes.h usability
configure:13270: gcc -c -g -O2  conftest.c >&5
configure:13270: $? = 0
configure:13270: result: yes
configure:13270: checking openssl/aes.h presence
configure:13270: gcc -E  conftest.c
configure:13270: $? = 0
configure:13270: result: yes
configure:13270: checking for openssl/aes.h
configure:13270: result: yes
configure:13282: result: Building with openssl crypto library
configure:13349: checking for pkg-config
configure:13367: found /usr/bin/pkg-config
configure:13379: result: /usr/bin/pkg-config
configure:13404: checking pkg-config is at least version 0.9.0
configure:13407: result: yes
configure:13417: checking for libtpms
configure:13424: $PKG_CONFIG --exists --print-errors "libtpms"
configure:13427: $? = 0
configure:13441: $PKG_CONFIG --exists --print-errors "libtpms"
configure:13444: $? = 0
configure:13484: result: yes
configure:13490: checking for TPMLIB_ChooseTPMVersion in -ltpms
configure:13515: gcc -o conftest -g -O2 -I/usr/local/include   -L/usr/local/lib -ltpms conftest.c -ltpms   >&5
configure:13515: $? = 0
configure:13524: result: yes
configure:13535: checking for clock_gettime in -lc
configure:13560: gcc -o conftest -g -O2 -I/usr/local/include   -L/usr/local/lib -ltpms conftest.c -lc   >&5
configure:13560: $? = 0
configure:13569: result: yes
configure:13581: checking for tcsd
configure:13614: result: no
configure:13621: WARNING: tcsd could not be found; typically need it for tss user account and tests
configure:13637: checking for netstat
configure:13655: found /usr/bin/netstat
configure:13667: result: /usr/bin/netstat
configure:13721: checking for whether to build with CUSE interface
configure:13785: result: no
configure:13788: checking for whether to build with chardev interface
configure:13810: result: no
configure:13837: checking for certtool
configure:13855: found /usr/bin/certtool
configure:13867: result: /usr/bin/certtool
configure:13888: checking for gnutls_load_file in -lgnutls
configure:13913: gcc -o conftest -g -O2 -I/usr/local/include -I/usr/include/p11-kit-1 -lgnutls   -L/usr/local/lib -ltpms conftest.c -lgnutls   >&5
configure:13913: $? = 0
configure:13922: result: yes
configure:13942: checking gnutls/abstract.h usability
configure:13942: gcc -c -g -O2 -I/usr/local/include -I/usr/include/p11-kit-1  conftest.c >&5
configure:13942: $? = 0
configure:13942: result: yes
configure:13942: checking gnutls/abstract.h presence
configure:13942: gcc -E  conftest.c
configure:13942: $? = 0
configure:13942: result: yes
configure:13942: checking for gnutls/abstract.h
configure:13942: result: yes
configure:13973: checking for expect
configure:13991: found /usr/bin/expect
configure:14003: result: /usr/bin/expect
configure:14017: checking for gawk
configure:14035: found /usr/bin/gawk
configure:14047: result: /usr/bin/gawk
configure:14061: checking for socat
configure:14079: found /usr/bin/socat
configure:14091: result: /usr/bin/socat
configure:14105: checking for base64
configure:14123: found /usr/bin/base64
configure:14135: result: /usr/bin/base64
configure:14149: checking for cp
configure:14167: found /usr/bin/cp
configure:14179: result: /usr/bin/cp
configure:14226: checking for a Python interpreter with version >= 3.3
configure:14243: python -c import sys # split strings by '.' and convert to numeric. Append some zeros # because we need at least 4 digits for the hex conversion. # map returns an iterator in Python 3.0 and a list in 2.x minver = list(map(int, '3.3'.split('.'))) + [0, 0, 0] minverhex = 0 # xrange is not present in Python 3.0 and range returns an iterator for i in list(range(0, 4)): minverhex = (minverhex << 8) + minver[i] sys.exit(sys.hexversion < minverhex)
./configure: line 14244: python: command not found
configure:14246: $? = 127
configure:14243: python2 -c import sys # split strings by '.' and convert to numeric. Append some zeros # because we need at least 4 digits for the hex conversion. # map returns an iterator in Python 3.0 and a list in 2.x minver = list(map(int, '3.3'.split('.'))) + [0, 0, 0] minverhex = 0 # xrange is not present in Python 3.0 and range returns an iterator for i in list(range(0, 4)): minverhex = (minverhex << 8) + minver[i] sys.exit(sys.hexversion < minverhex)
./configure: line 14244: python2: command not found
configure:14246: $? = 127
configure:14243: python3 -c import sys # split strings by '.' and convert to numeric. Append some zeros # because we need at least 4 digits for the hex conversion. # map returns an iterator in Python 3.0 and a list in 2.x minver = list(map(int, '3.3'.split('.'))) + [0, 0, 0] minverhex = 0 # xrange is not present in Python 3.0 and range returns an iterator for i in list(range(0, 4)): minverhex = (minverhex << 8) + minver[i] sys.exit(sys.hexversion < minverhex)
configure:14246: $? = 0
configure:14252: result: python3
configure:14260: checking for python3
configure:14278: found /usr/bin/python3
configure:14290: result: /usr/bin/python3
configure:14308: checking for python3 version
configure:14315: result: 3.9
configure:14327: checking for python3 platform
configure:14334: result: linux
configure:14360: checking for python3 script directory
configure:14395: result: ${prefix}/lib/python3.9/site-packages
configure:14404: checking for python3 extension module directory
configure:14439: result: ${exec_prefix}/lib/python3.9/site-packages
configure:14455: checking for pip3
configure:14473: found /usr/bin/pip3
configure:14485: result: /usr/bin/pip3
configure:14543: checking for python setuptools package
configure:14547: result: yes
configure:14553: checking for python cryptography package
configure:14557: result: yes
configure:14598: checking whether linker supports -Wl,-z,relro
configure:14604: gcc -o conftest -Wl,-z,relro -Werror   -L/usr/local/lib -ltpms conftest.c  >&5
configure:14604: $? = 0
configure:14606: result: yes
configure:14616: checking whether linker supports -Wl,-z,now
configure:14622: gcc -o conftest -Wl,-z,now -Werror   -L/usr/local/lib -ltpms conftest.c  >&5
configure:14622: $? = 0
configure:14624: result: yes
configure:14754: checking for pkg-config
configure:14784: result: /usr/bin/pkg-config
configure:14809: checking pkg-config is at least version 0.9.0
configure:14812: result: yes
configure:14821: checking Checking the crypto library libtpms is linked to
configure:14829: result: openssl
configure:14866: checking for whether to build with seccomp profile
configure:14871: result: yes
configure:15009: checking that generated files are newer than configure
configure:15015: result: done
configure:15062: creating ./config.status

## ---------------------- ##
## Running config.status. ##
## ---------------------- ##

This file was extended by swtpm config.status 0.5.2, which was
generated by GNU Autoconf 2.69.  Invocation command line was

  CONFIG_FILES    = 
  CONFIG_HEADERS  = 
  CONFIG_LINKS    = 
  CONFIG_COMMANDS = 
  $ ./config.status 

on tango

config.status:1191: creating Makefile
config.status:1191: creating debian/swtpm-tools.postinst
config.status:1191: creating dist/swtpm.spec
config.status:1191: creating etc/Makefile
config.status:1191: creating etc/swtpm_setup.conf
config.status:1191: creating samples/Makefile
config.status:1191: creating samples/py_swtpm_localca/swtpm_localca_conf.py
config.status:1191: creating samples/swtpm-localca.conf
config.status:1191: creating samples/swtpm-create-user-config-files
config.status:1191: creating include/Makefile
config.status:1191: creating include/swtpm/Makefile
config.status:1191: creating include/swtpm.h
config.status:1191: creating src/Makefile
config.status:1191: creating src/selinux/Makefile
config.status:1191: creating src/swtpm/Makefile
config.status:1191: creating src/swtpm_bios/Makefile
config.status:1191: creating src/swtpm_cert/Makefile
config.status:1191: creating src/swtpm_ioctl/Makefile
config.status:1191: creating src/swtpm_setup/Makefile
config.status:1191: creating src/swtpm_setup/py_swtpm_setup/swtpm_setup_conf.py
config.status:1191: creating man/Makefile
config.status:1191: creating man/man3/Makefile
config.status:1191: creating man/man8/Makefile
config.status:1191: creating tests/Makefile
config.status:1191: creating tests/test_config
config.status:1191: creating samples/swtpm-localca
config.status:1191: creating src/swtpm_setup/swtpm_setup
config.status:1191: creating config.h
config.status:1372: config.h is unchanged
config.status:1451: executing libtool commands
config.status:1451: executing depfiles commands
config.status:2070: cd src/swtpm       && sed -e '/# am--include-marker/d' Makefile         | make -f - am--depfiles
make: Nothing to be done for 'am--depfiles'.
config.status:2075: $? = 0
config.status:2070: cd src/swtpm_bios       && sed -e '/# am--include-marker/d' Makefile         | make -f - am--depfiles
make: Nothing to be done for 'am--depfiles'.
config.status:2075: $? = 0
config.status:2070: cd src/swtpm_cert       && sed -e '/# am--include-marker/d' Makefile         | make -f - am--depfiles
make: Nothing to be done for 'am--depfiles'.
config.status:2075: $? = 0
config.status:2070: cd src/swtpm_ioctl       && sed -e '/# am--include-marker/d' Makefile         | make -f - am--depfiles
make: Nothing to be done for 'am--depfiles'.
config.status:2075: $? = 0

## ---------------- ##
## Cache variables. ##
## ---------------- ##

ac_cv_build=x86_64-pc-linux-gnu
ac_cv_c_compiler_gnu=yes
ac_cv_c_const=yes
ac_cv_c_inline=inline
ac_cv_env_CC_set=
ac_cv_env_CC_value=
ac_cv_env_CFLAGS_set=
ac_cv_env_CFLAGS_value=
ac_cv_env_CPPFLAGS_set=
ac_cv_env_CPPFLAGS_value=
ac_cv_env_CPP_set=
ac_cv_env_CPP_value=
ac_cv_env_LDFLAGS_set=
ac_cv_env_LDFLAGS_value=
ac_cv_env_LIBS_set=
ac_cv_env_LIBS_value=
ac_cv_env_LIBTPMS_CFLAGS_set=
ac_cv_env_LIBTPMS_CFLAGS_value=
ac_cv_env_LIBTPMS_LIBS_set=
ac_cv_env_LIBTPMS_LIBS_value=
ac_cv_env_LT_SYS_LIBRARY_PATH_set=
ac_cv_env_LT_SYS_LIBRARY_PATH_value=
ac_cv_env_PKG_CONFIG_LIBDIR_set=
ac_cv_env_PKG_CONFIG_LIBDIR_value=
ac_cv_env_PKG_CONFIG_PATH_set=
ac_cv_env_PKG_CONFIG_PATH_value=
ac_cv_env_PKG_CONFIG_set=
ac_cv_env_PKG_CONFIG_value=
ac_cv_env_PYTHON_set=
ac_cv_env_PYTHON_value=
ac_cv_env_build_alias_set=
ac_cv_env_build_alias_value=
ac_cv_env_host_alias_set=
ac_cv_env_host_alias_value=
ac_cv_env_target_alias_set=
ac_cv_env_target_alias_value=
ac_cv_header_dlfcn_h=yes
ac_cv_header_gnutls_abstract_h=yes
ac_cv_header_inttypes_h=yes
ac_cv_header_memory_h=yes
ac_cv_header_openssl_aes_h=yes
ac_cv_header_stdc=yes
ac_cv_header_stdint_h=yes
ac_cv_header_stdlib_h=yes
ac_cv_header_string_h=yes
ac_cv_header_strings_h=yes
ac_cv_header_sys_stat_h=yes
ac_cv_header_sys_types_h=yes
ac_cv_header_unistd_h=yes
ac_cv_host=x86_64-pc-linux-gnu
ac_cv_lib_c_clock_gettime=yes
ac_cv_lib_crypto_AES_set_encrypt_key=yes
ac_cv_lib_gnutls_gnutls_load_file=yes
ac_cv_lib_tpms_TPMLIB_ChooseTPMVersion=yes
ac_cv_objext=o
ac_cv_path_BASE64=/usr/bin/base64
ac_cv_path_CP=/usr/bin/cp
ac_cv_path_EGREP='/usr/bin/grep -E'
ac_cv_path_EXPECT=/usr/bin/expect
ac_cv_path_FGREP='/usr/bin/grep -F'
ac_cv_path_GAWK=/usr/bin/gawk
ac_cv_path_GNUTLS_CERTTOOL=/usr/bin/certtool
ac_cv_path_GREP=/usr/bin/grep
ac_cv_path_NETSTAT=/usr/bin/netstat
ac_cv_path_PIP3=/usr/bin/pip3
ac_cv_path_PYTHON=/usr/bin/python3
ac_cv_path_SED=/usr/bin/sed
ac_cv_path_SOCAT=/usr/bin/socat
ac_cv_path_ac_pt_PKG_CONFIG=/usr/bin/pkg-config
ac_cv_path_install='/usr/bin/install -c'
ac_cv_path_lt_DD=/usr/bin/dd
ac_cv_path_mkdir=/usr/bin/mkdir
ac_cv_prog_AWK=gawk
ac_cv_prog_CPP='gcc -E'
ac_cv_prog_ac_ct_AR=ar
ac_cv_prog_ac_ct_CC=gcc
ac_cv_prog_ac_ct_MANIFEST_TOOL=mt
ac_cv_prog_ac_ct_OBJDUMP=objdump
ac_cv_prog_ac_ct_RANLIB=ranlib
ac_cv_prog_ac_ct_STRIP=strip
ac_cv_prog_cc_c89=
ac_cv_prog_cc_g=yes
ac_cv_prog_make_make_set=yes
ac_cv_target=x86_64-pc-linux-gnu
ac_cv_type_signal=void
ac_cv_type_size_t=yes
am_cv_CC_dependencies_compiler_type=gcc3
am_cv_make_support_nested_variables=yes
am_cv_pathless_PYTHON=python3
am_cv_prog_cc_c_o=yes
am_cv_python_platform=linux
am_cv_python_pyexecdir='${exec_prefix}/lib/python3.9/site-packages'
am_cv_python_pythondir='${prefix}/lib/python3.9/site-packages'
am_cv_python_version=3.9
lt_cv_ar_at_file=@
lt_cv_archive_cmds_need_lc=no
lt_cv_deplibs_check_method=pass_all
lt_cv_file_magic_cmd='$MAGIC_CMD'
lt_cv_file_magic_test_file=
lt_cv_ld_reload_flag=-r
lt_cv_nm_interface='BSD nm'
lt_cv_objdir=.libs
lt_cv_path_LD=/usr/bin/ld
lt_cv_path_NM='/usr/bin/nm -B'
lt_cv_path_mainfest_tool=no
lt_cv_prog_compiler_c_o=yes
lt_cv_prog_compiler_pic='-fPIC -DPIC'
lt_cv_prog_compiler_pic_works=yes
lt_cv_prog_compiler_rtti_exceptions=no
lt_cv_prog_compiler_static_works=yes
lt_cv_prog_gnu_ld=yes
lt_cv_sharedlib_from_linklib_cmd='printf %s\n'
lt_cv_shlibpath_overrides_runpath=yes
lt_cv_sys_global_symbol_pipe='sed -n -e '\''s/^.*[	 ]\([ABCDGIRSTW][ABCDGIRSTW]*\)[	 ][	 ]*\([_A-Za-z][_A-Za-z0-9]*\)$/\1 \2 \2/p'\'' | sed '\''/ __gnu_lto/d'\'''
lt_cv_sys_global_symbol_to_c_name_address='sed -n -e '\''s/^: \(.*\) .*$/  {"\1", (void *) 0},/p'\'' -e '\''s/^[ABCDGIRSTW][ABCDGIRSTW]* .* \(.*\)$/  {"\1", (void *) \&\1},/p'\'''
lt_cv_sys_global_symbol_to_c_name_address_lib_prefix='sed -n -e '\''s/^: \(.*\) .*$/  {"\1", (void *) 0},/p'\'' -e '\''s/^[ABCDGIRSTW][ABCDGIRSTW]* .* \(lib.*\)$/  {"\1", (void *) \&\1},/p'\'' -e '\''s/^[ABCDGIRSTW][ABCDGIRSTW]* .* \(.*\)$/  {"lib\1", (void *) \&\1},/p'\'''
lt_cv_sys_global_symbol_to_cdecl='sed -n -e '\''s/^T .* \(.*\)$/extern int \1();/p'\'' -e '\''s/^[ABCDGIRSTW][ABCDGIRSTW]* .* \(.*\)$/extern char \1;/p'\'''
lt_cv_sys_global_symbol_to_import=
lt_cv_sys_max_cmd_len=1572864
lt_cv_to_host_file_cmd=func_convert_file_noop
lt_cv_to_tool_file_cmd=func_convert_file_noop
lt_cv_truncate_bin='/usr/bin/dd bs=4096 count=1'
pkg_cv_LIBTPMS_CFLAGS=-I/usr/local/include
pkg_cv_LIBTPMS_LIBS='-L/usr/local/lib -ltpms'

## ----------------- ##
## Output variables. ##
## ----------------- ##

ACLOCAL='${SHELL} '\''/home/lbr/code/debian-qemu-tpm/swtpm-0.5.2/missing'\'' aclocal-1.16'
AMDEPBACKSLASH='\'
AMDEP_FALSE='#'
AMDEP_TRUE=''
AMTAR='$${TAR-tar}'
AM_BACKSLASH='\'
AM_DEFAULT_V='$(AM_DEFAULT_VERBOSITY)'
AM_DEFAULT_VERBOSITY='0'
AM_V='$(V)'
AR='ar'
AUTOCONF='${SHELL} '\''/home/lbr/code/debian-qemu-tpm/swtpm-0.5.2/missing'\'' autoconf'
AUTOHEADER='${SHELL} '\''/home/lbr/code/debian-qemu-tpm/swtpm-0.5.2/missing'\'' autoheader'
AUTOMAKE='${SHELL} '\''/home/lbr/code/debian-qemu-tpm/swtpm-0.5.2/missing'\'' automake-1.16'
AWK='gawk'
BASE64='/usr/bin/base64'
CC='gcc'
CCDEPMODE='depmode=gcc3'
CFLAGS='-g -O2 -I/usr/local/include -Wreturn-type -Wsign-compare -Wswitch-enum -Wmissing-prototypes -Wall -Werror -Wformat -Wformat-security -I/usr/include/p11-kit-1 '
CP='/usr/bin/cp'
CPP='gcc -E'
CPPFLAGS=''
CYGPATH_W='echo'
DATAROOTDIR='/usr/share'
DEFS='-DHAVE_CONFIG_H'
DEPDIR='.deps'
DLLTOOL='false'
DSYMUTIL=''
DUMPBIN=''
ECHO_C=''
ECHO_N='-n'
ECHO_T=''
EGREP='/usr/bin/grep -E'
EXEEXT=''
EXPECT='/usr/bin/expect'
FGREP='/usr/bin/grep -F'
GAWK='/usr/bin/gawk'
GLIB_CFLAGS=''
GLIB_LIBS=''
GNUTLS_CERTTOOL='/usr/bin/certtool'
GNUTLS_LIBS='-lgnutls'
GREP='/usr/bin/grep'
GTHREAD_LIBS=''
HARDENING_CFLAGS='-fstack-protector-strong -Wstack-protector '
HARDENING_LDFLAGS=' -Wl,-z,relro -Wl,-z,now'
HAVE_TCSD_FALSE=''
HAVE_TCSD_TRUE='#'
INSTALL_DATA='${INSTALL} -m 644'
INSTALL_PROGRAM='${INSTALL}'
INSTALL_SCRIPT='${INSTALL}'
INSTALL_STRIP_PROGRAM='$(install_sh) -c -s'
LD='/usr/bin/ld -m elf_x86_64'
LDFLAGS=' -L/usr/local/lib -ltpms '
LIBCRYPTO_LIBS='-lcrypto'
LIBFUSE_CFLAGS=''
LIBFUSE_LIBS=''
LIBOBJS=''
LIBRT_LIBS=''
LIBS=''
LIBSECCOMP_CFLAGS=''
LIBSECCOMP_LIBS='-lseccomp'
LIBTASN1_LIBS='-ltasn1'
LIBTOOL='$(SHELL) $(top_builddir)/libtool'
LIBTPMS_CFLAGS='-I/usr/local/include'
LIBTPMS_LIBS='-L/usr/local/lib -ltpms'
LIPO=''
LN_S='ln -s'
LOCALSTATEDIR='/var'
LTLIBOBJS=''
LT_SYS_LIBRARY_PATH=''
MAKEINFO='${SHELL} '\''/home/lbr/code/debian-qemu-tpm/swtpm-0.5.2/missing'\'' makeinfo'
MANIFEST_TOOL=':'
MKDIR_P='/usr/bin/mkdir -p'
NETSTAT='/usr/bin/netstat'
NM='/usr/bin/nm -B'
NMEDIT=''
OBJDUMP='objdump'
OBJEXT='o'
OTOOL64=''
OTOOL=''
PACKAGE='swtpm'
PACKAGE_BUGREPORT=''
PACKAGE_NAME='swtpm'
PACKAGE_STRING='swtpm 0.5.2'
PACKAGE_TARNAME='swtpm'
PACKAGE_URL=''
PACKAGE_VERSION='0.5.2'
PATH_SEPARATOR=':'
PIP3='/usr/bin/pip3'
PKG_CONFIG='/usr/bin/pkg-config'
PKG_CONFIG_LIBDIR=''
PKG_CONFIG_PATH=''
PYTHON='/usr/bin/python3'
PYTHON_EXEC_PREFIX='${exec_prefix}'
PYTHON_INSTALLATION_FALSE='#'
PYTHON_INSTALLATION_TRUE=''
PYTHON_PLATFORM='linux'
PYTHON_PREFIX='${prefix}'
PYTHON_VERSION='3.9'
RANLIB='ranlib'
SED='/usr/bin/sed'
SEMODULE=''
SET_MAKE=''
SHELL='/bin/bash'
SOCAT='/usr/bin/socat'
SS=''
STRIP='strip'
SWTPM_VER_MAJOR='0'
SWTPM_VER_MICRO='2'
SWTPM_VER_MINOR='5'
SYSCONFDIR='/etc'
TCSD=''
TSS_GROUP='tss'
TSS_USER='tss'
VERSION='0.5.2'
WITH_CHARDEV_FALSE='#'
WITH_CHARDEV_TRUE=''
WITH_CUSE_FALSE=''
WITH_CUSE_TRUE='#'
WITH_GNUTLS_FALSE='#'
WITH_GNUTLS_TRUE=''
WITH_SELINUX_FALSE=''
WITH_SELINUX_TRUE='#'
ac_ct_AR='ar'
ac_ct_CC='gcc'
ac_ct_DUMPBIN=''
am__EXEEXT_FALSE=''
am__EXEEXT_TRUE='#'
am__fastdepCC_FALSE='#'
am__fastdepCC_TRUE=''
am__include='include'
am__isrc=''
am__leading_dot='.'
am__nodep='_no'
am__quote=''
am__tar='$${TAR-tar} chof - "$$tardir"'
am__untar='$${TAR-tar} xf -'
bindir='${exec_prefix}/bin'
build='x86_64-pc-linux-gnu'
build_alias=''
build_cpu='x86_64'
build_os='linux-gnu'
build_vendor='pc'
datadir='${datarootdir}'
datarootdir='${prefix}/share'
docdir='${datarootdir}/doc/${PACKAGE_TARNAME}'
dvidir='${docdir}'
exec_prefix='${prefix}'
host='x86_64-pc-linux-gnu'
host_alias=''
host_cpu='x86_64'
host_os='linux-gnu'
host_vendor='pc'
htmldir='${docdir}'
includedir='${prefix}/include'
infodir='${datarootdir}/info'
install_sh='${SHELL} /home/lbr/code/debian-qemu-tpm/swtpm-0.5.2/install-sh'
libdir='${exec_prefix}/lib'
libexecdir='${exec_prefix}/libexec'
localedir='${datarootdir}/locale'
localstatedir='/var'
mandir='${datarootdir}/man'
mkdir_p='$(MKDIR_P)'
oldincludedir='/usr/include'
pdfdir='${docdir}'
pkgpyexecdir='${pyexecdir}/swtpm'
pkgpythondir='${pythondir}/swtpm'
prefix='/usr'
program_transform_name='s,x,x,'
psdir='${docdir}'
pyexecdir='${exec_prefix}/lib/python3.9/site-packages'
pythondir='${prefix}/lib/python3.9/site-packages'
runstatedir='${localstatedir}/run'
sbindir='${exec_prefix}/sbin'
sharedstatedir='${prefix}/com'
sysconfdir='/etc'
target='x86_64-pc-linux-gnu'
target_alias=''
target_cpu='x86_64'
target_os='linux-gnu'
target_vendor='pc'

## ----------- ##
## confdefs.h. ##
## ----------- ##

/* confdefs.h */
#define PACKAGE_NAME "swtpm"
#define PACKAGE_TARNAME "swtpm"
#define PACKAGE_VERSION "0.5.2"
#define PACKAGE_STRING "swtpm 0.5.2"
#define PACKAGE_BUGREPORT ""
#define PACKAGE_URL ""
#define STDC_HEADERS 1
#define HAVE_SYS_TYPES_H 1
#define HAVE_SYS_STAT_H 1
#define HAVE_STDLIB_H 1
#define HAVE_STRING_H 1
#define HAVE_MEMORY_H 1
#define HAVE_STRINGS_H 1
#define HAVE_INTTYPES_H 1
#define HAVE_STDINT_H 1
#define HAVE_UNISTD_H 1
#define HAVE_DLFCN_H 1
#define LT_OBJDIR ".libs/"
#define PACKAGE "swtpm"
#define VERSION "0.5.2"
#define STDC_HEADERS 1
#define RETSIGTYPE void
#define HAVE_OPENSSL_AES_H 1
#define WITH_CHARDEV 1
#define WITH_VTPM_PROXY 1
#define WITH_SECCOMP 1

configure: exit 0
